<?xml version="1.0" encoding="utf-8"?><testsuites name="pytest tests"><testsuite name="pytest" errors="0" failures="0" skipped="0" tests="10" time="11.612" timestamp="2026-03-25T03:40:33.841269+00:00" hostname="agent-env-c5bd4860-e4e7-4a99-9b60-b596d0a09149"><testcase classname="backend.tests.test_matriz_colores.TestMatrizColores" name="test_matriz_fila_has_colores_field" time="8.648" /><testcase classname="backend.tests.test_matriz_colores.TestMatrizColores" name="test_matriz_fila_colores_has_color_general" time="0.000" /><testcase classname="backend.tests.test_matriz_colores.TestMatrizColores" name="test_matriz_detalle_has_colores_field" time="0.000" /><testcase classname="backend.tests.test_matriz_colores.TestMatrizColores" name="test_matriz_detalle_colores_has_color_general" time="0.000" /><testcase classname="backend.tests.test_matriz_colores.TestMatrizColores" name="test_matriz_color_general_values" time="0.000" /><testcase classname="backend.tests.test_matriz_colores.TestMatrizColores" name="test_matriz_detalle_colores_resumen" time="0.000" /><testcase classname="backend.tests.test_matriz_colores.TestMatrizColores" name="test_matriz_fila_colores_resumen" time="0.000" /><testcase classname="backend.tests.test_matriz_colores.TestMatrizColores" name="test_matriz_colores_cantidad_is_int" time="0.000" /><testcase classname="backend.tests.test_matriz_colores.TestMatrizColores" name="test_matriz_colores_registros_is_int" time="0.000" /><testcase classname="backend.tests.test_matriz_colores.TestMatrizColoresFiltering" name="test_matriz_detalle_colores_match_registro" time="2.901" /></testsuite></testsuites>