<?xml version="1.0" encoding="utf-8"?><testsuites name="pytest tests"><testsuite name="pytest" errors="0" failures="0" skipped="0" tests="18" time="24.969" timestamp="2026-03-15T08:19:11.036762+00:00" hostname="agent-env-ab50ce09-1c11-4d4c-8d8c-868caddebf36"><testcase classname="tests.test_bom_explosion.TestBomExplosionEndpoint" name="test_explosion_order_not_found" time="4.400" /><testcase classname="tests.test_bom_explosion.TestBomExplosionEndpoint" name="test_explosion_closed_order_returns_400" time="0.400" /><testcase classname="tests.test_bom_explosion.TestBomExplosionEndpoint" name="test_explosion_no_tallas_returns_400" time="0.387" /><testcase classname="tests.test_bom_explosion.TestBomExplosionEndpoint" name="test_explosion_existing_requerimiento_without_regenerar_returns_409" time="1.288" /><testcase classname="tests.test_bom_explosion.TestBomExplosionEndpoint" name="test_explosion_with_regenerar_replaces_requerimiento" time="1.995" /><testcase classname="tests.test_bom_explosion.TestBomExplosionEndpoint" name="test_explosion_calculates_cantidad_requerida_correctly" time="1.590" /><testcase classname="tests.test_bom_explosion.TestBomExplosionEndpoint" name="test_explosion_calculates_deficit_correctly" time="1.558" /><testcase classname="tests.test_bom_explosion.TestBomExplosionEndpoint" name="test_explosion_servicio_not_in_requerimiento" time="1.591" /><testcase classname="tests.test_bom_explosion.TestRequerimientoEndpoint" name="test_get_requerimiento_success" time="0.826" /><testcase classname="tests.test_bom_explosion.TestRequerimientoEndpoint" name="test_get_requerimiento_items_have_required_fields" time="0.540" /><testcase classname="tests.test_bom_explosion.TestRequerimientoEndpoint" name="test_get_requerimiento_deficit_calculation" time="0.535" /><testcase classname="tests.test_bom_explosion.TestRequerimientoEndpoint" name="test_get_requerimiento_order_not_found" time="0.390" /><testcase classname="tests.test_bom_explosion.TestRequerimientoEndpoint" name="test_get_requerimiento_empty_for_new_order" time="0.546" /><testcase classname="tests.test_bom_explosion.TestNonRegressionReportes" name="test_wip_report_still_works" time="2.139" /><testcase classname="tests.test_bom_explosion.TestNonRegressionReportes" name="test_mp_valorizado_report_still_works" time="1.714" /><testcase classname="tests.test_bom_explosion.TestNonRegressionReportes" name="test_pt_valorizado_report_still_works" time="1.680" /><testcase classname="tests.test_bom_explosion.TestBomLookup" name="test_explosion_finds_best_bom_aprobado_first" time="1.592" /><testcase classname="tests.test_bom_explosion.TestBomLookup" name="test_explosion_with_specific_bom_id" time="1.704" /></testsuite></testsuites>