<?xml version="1.0" encoding="utf-8"?><testsuites name="pytest tests"><testsuite name="pytest" errors="0" failures="0" skipped="0" tests="37" time="42.701" timestamp="2026-03-24T06:43:30.241558+00:00" hostname="agent-env-1e726213-56dd-4c6c-8c0f-b292f1653725"><testcase classname="backend.tests.test_reportes_produccion.TestReportesProduccionAuth" name="test_dashboard_requires_auth" time="1.031" /><testcase classname="backend.tests.test_reportes_produccion.TestReportesProduccionAuth" name="test_en_proceso_requires_auth" time="0.100" /><testcase classname="backend.tests.test_reportes_produccion.TestReportesProduccionAuth" name="test_wip_etapa_requires_auth" time="0.114" /><testcase classname="backend.tests.test_reportes_produccion.TestReportesProduccionAuth" name="test_atrasados_requires_auth" time="0.142" /><testcase classname="backend.tests.test_reportes_produccion.TestReportesProduccionAuth" name="test_filtros_requires_auth" time="0.101" /><testcase classname="backend.tests.test_reportes_produccion.TestDashboardKPIs" name="test_dashboard_returns_200" time="3.524" /><testcase classname="backend.tests.test_reportes_produccion.TestDashboardKPIs" name="test_dashboard_has_required_fields" time="1.391" /><testcase classname="backend.tests.test_reportes_produccion.TestDashboardKPIs" name="test_dashboard_kpi_types" time="1.372" /><testcase classname="backend.tests.test_reportes_produccion.TestDashboardKPIs" name="test_dashboard_distribucion_estado_op_structure" time="1.364" /><testcase classname="backend.tests.test_reportes_produccion.TestDashboardKPIs" name="test_dashboard_por_servicio_structure" time="1.358" /><testcase classname="backend.tests.test_reportes_produccion.TestProduccionEnProceso" name="test_en_proceso_returns_200" time="1.709" /><testcase classname="backend.tests.test_reportes_produccion.TestProduccionEnProceso" name="test_en_proceso_has_registros_and_total" time="0.660" /><testcase classname="backend.tests.test_reportes_produccion.TestProduccionEnProceso" name="test_en_proceso_registro_structure" time="0.654" /><testcase classname="backend.tests.test_reportes_produccion.TestProduccionEnProceso" name="test_en_proceso_filter_by_estado" time="1.457" /><testcase classname="backend.tests.test_reportes_produccion.TestWIPEtapa" name="test_wip_etapa_returns_200" time="1.720" /><testcase classname="backend.tests.test_reportes_produccion.TestWIPEtapa" name="test_wip_etapa_has_etapas_and_total" time="0.651" /><testcase classname="backend.tests.test_reportes_produccion.TestWIPEtapa" name="test_wip_etapa_structure" time="0.658" /><testcase classname="backend.tests.test_reportes_produccion.TestLotesAtrasados" name="test_atrasados_returns_200" time="1.688" /><testcase classname="backend.tests.test_reportes_produccion.TestLotesAtrasados" name="test_atrasados_has_registros_and_total" time="0.653" /><testcase classname="backend.tests.test_reportes_produccion.TestLotesAtrasados" name="test_atrasados_registro_structure" time="0.700" /><testcase classname="backend.tests.test_reportes_produccion.TestTrazabilidad" name="test_trazabilidad_returns_404_for_invalid_id" time="1.691" /><testcase classname="backend.tests.test_reportes_produccion.TestTrazabilidad" name="test_trazabilidad_returns_200_for_valid_id" time="2.155" /><testcase classname="backend.tests.test_reportes_produccion.TestTrazabilidad" name="test_trazabilidad_has_required_fields" time="1.073" /><testcase classname="backend.tests.test_reportes_produccion.TestTrazabilidad" name="test_trazabilidad_movimientos_structure" time="1.071" /><testcase classname="backend.tests.test_reportes_produccion.TestCumplimientoRuta" name="test_cumplimiento_ruta_returns_200" time="1.971" /><testcase classname="backend.tests.test_reportes_produccion.TestCumplimientoRuta" name="test_cumplimiento_ruta_has_registros_and_total" time="0.804" /><testcase classname="backend.tests.test_reportes_produccion.TestCumplimientoRuta" name="test_cumplimiento_ruta_registro_structure" time="0.810" /><testcase classname="backend.tests.test_reportes_produccion.TestBalanceTerceros" name="test_balance_terceros_returns_200" time="1.793" /><testcase classname="backend.tests.test_reportes_produccion.TestBalanceTerceros" name="test_balance_terceros_has_balance_and_resumen" time="0.692" /><testcase classname="backend.tests.test_reportes_produccion.TestBalanceTerceros" name="test_balance_terceros_balance_structure" time="0.661" /><testcase classname="backend.tests.test_reportes_produccion.TestLotesFraccionados" name="test_lotes_fraccionados_returns_200" time="1.686" /><testcase classname="backend.tests.test_reportes_produccion.TestLotesFraccionados" name="test_lotes_fraccionados_has_familias_and_total" time="0.664" /><testcase classname="backend.tests.test_reportes_produccion.TestLotesFraccionados" name="test_lotes_fraccionados_familia_structure" time="0.660" /><testcase classname="backend.tests.test_reportes_produccion.TestFiltros" name="test_filtros_returns_200" time="2.532" /><testcase classname="backend.tests.test_reportes_produccion.TestFiltros" name="test_filtros_has_all_filter_options" time="1.079" /><testcase classname="backend.tests.test_reportes_produccion.TestFiltros" name="test_filtros_servicios_structure" time="1.077" /><testcase classname="backend.tests.test_reportes_produccion.TestFiltros" name="test_filtros_rutas_structure" time="1.074" /></testsuite></testsuites>