<?xml version="1.0" encoding="utf-8"?><testsuites name="pytest tests"><testsuite name="pytest" errors="0" failures="1" skipped="0" tests="10" time="27.319" timestamp="2026-03-16T16:43:42.619692+00:00" hostname="agent-env-ebb2d71f-0d36-4832-b5fc-62292d72e9d5"><testcase classname="backend.tests.test_costo_manual_bom.TestCostoManualBOM" name="test_01_bom_exists" time="5.232" /><testcase classname="backend.tests.test_costo_manual_bom.TestCostoManualBOM" name="test_02_servicio_linea_exists" time="1.470" /><testcase classname="backend.tests.test_costo_manual_bom.TestCostoManualBOM" name="test_03_put_linea_saves_costo_manual" time="2.555" /><testcase classname="backend.tests.test_costo_manual_bom.TestCostoManualBOM" name="test_04_put_linea_preserves_costo_manual_when_not_sent" time="2.224" /><testcase classname="backend.tests.test_costo_manual_bom.TestCostoManualBOM" name="test_05_costo_estandar_uses_costo_manual_for_servicio" time="2.570" /><testcase classname="backend.tests.test_costo_manual_bom.TestCostoManualBOM" name="test_06_costo_estandar_uses_costo_promedio_for_non_servicio" time="1.463" /><testcase classname="backend.tests.test_costo_manual_bom.TestCostoManualBOM" name="test_07_duplicar_bom_copies_costo_manual" time="5.715" /><testcase classname="backend.tests.test_costo_manual_bom.TestCostoManualBOM" name="test_08_set_costo_manual_to_null" time="2.287"><failure message="AssertionError: costo_manual should be None after explicit null set, got 99.99&#10;assert 99.99 is None&#10; +  where 99.99 = &lt;built-in method get of dict object at 0xfc4ae03a4980&gt;('costo_manual')&#10; +    where &lt;built-in method get of dict object at 0xfc4ae03a4980&gt; = {'activo': True, 'bom_id': '2a7a6511-89f4-4a2f-a987-745c8df37842', 'cantidad_base': 1.5, 'cantidad_total': 1.5, ...}.get">backend/tests/test_costo_manual_bom.py:239: in test_08_set_costo_manual_to_null
    assert updated_data.get('costo_manual') is None, \
E   AssertionError: costo_manual should be None after explicit null set, got 99.99
E   assert 99.99 is None
E    +  where 99.99 = &lt;built-in method get of dict object at 0xfc4ae03a4980&gt;('costo_manual')
E    +    where &lt;built-in method get of dict object at 0xfc4ae03a4980&gt; = {'activo': True, 'bom_id': '2a7a6511-89f4-4a2f-a987-745c8df37842', 'cantidad_base': 1.5, 'cantidad_total': 1.5, ...}.get</failure></testcase><testcase classname="backend.tests.test_costo_manual_bom.TestCostoManualBOM" name="test_09_costo_estandar_fallback_when_costo_manual_null" time="2.082" /><testcase classname="backend.tests.test_costo_manual_bom.TestCostoManualBOM" name="test_10_cleanup_reset_costo_manual" time="1.579" /></testsuite></testsuites>