<?xml version="1.0" encoding="utf-8"?><testsuites name="pytest tests"><testsuite name="pytest" errors="0" failures="0" skipped="0" tests="11" time="13.866" timestamp="2026-02-12T18:20:27.446981+00:00" hostname="agent-env-17e02930-cc2e-4289-a500-f9c3792e505e"><testcase classname="backend.tests.test_valorizacion.TestAuthentication" name="test_login_success" time="1.800" /><testcase classname="backend.tests.test_valorizacion.TestAuthentication" name="test_login_invalid" time="0.320" /><testcase classname="backend.tests.test_valorizacion.TestEmpresas" name="test_get_empresas" time="2.858" /><testcase classname="backend.tests.test_valorizacion.TestReporteMPValorizado" name="test_get_mp_valorizado" time="0.750" /><testcase classname="backend.tests.test_valorizacion.TestReporteWIP" name="test_get_wip" time="0.769" /><testcase classname="backend.tests.test_valorizacion.TestReportePTValorizado" name="test_get_pt_valorizado" time="0.772" /><testcase classname="backend.tests.test_valorizacion.TestCostosServicio" name="test_get_costos_servicio" time="1.013" /><testcase classname="backend.tests.test_valorizacion.TestCostosServicio" name="test_create_costo_servicio" time="1.764" /><testcase classname="backend.tests.test_valorizacion.TestPreviewCierre" name="test_get_preview_cierre" time="1.977" /><testcase classname="backend.tests.test_valorizacion.TestPtItemAssignment" name="test_update_pt_item" time="0.907" /><testcase classname="backend.tests.test_valorizacion.TestGetCierre" name="test_get_cierre_produccion" time="0.735" /></testsuite></testsuites>