<?xml version="1.0" encoding="utf-8"?><testsuites name="pytest tests"><testsuite name="pytest" errors="0" failures="0" skipped="0" tests="7" time="13.899" timestamp="2026-03-30T00:32:29.182280+00:00" hostname="agent-env-c5bd4860-e4e7-4a99-9b60-b596d0a09149"><testcase classname="backend.tests.test_incidencia_paraliza.TestIncidenciaWithParaliza" name="test_create_incidencia_without_paraliza" time="4.571" /><testcase classname="backend.tests.test_incidencia_paraliza.TestIncidenciaWithParaliza" name="test_create_incidencia_with_paraliza_true" time="5.679" /><testcase classname="backend.tests.test_incidencia_paraliza.TestIncidenciaWithParaliza" name="test_create_incidencia_with_usuario_field" time="1.998" /><testcase classname="backend.tests.test_incidencia_paraliza.TestIncidenciaGetWithUsuario" name="test_get_incidencias_returns_usuario" time="0.412" /><testcase classname="backend.tests.test_incidencia_paraliza.TestIncidenciaGetWithUsuario" name="test_get_incidencias_returns_paraliza_info" time="0.392" /><testcase classname="backend.tests.test_incidencia_paraliza.TestMotivosIncidencia" name="test_get_motivos_returns_list" time="0.394" /><testcase classname="backend.tests.test_incidencia_paraliza.TestParalizacionEndpoints" name="test_get_paralizaciones" time="0.395" /></testsuite></testsuites>