<?xml version="1.0" encoding="utf-8"?><testsuites name="pytest tests"><testsuite name="pytest" errors="0" failures="0" skipped="1" tests="29" time="37.148" timestamp="2026-03-15T07:53:27.116939+00:00" hostname="agent-env-ab50ce09-1c11-4d4c-8d8c-868caddebf36"><testcase classname="backend.tests.test_bom_cabecera.TestListBOMCabeceras" name="test_list_bom_cabeceras_success" time="1.288" /><testcase classname="backend.tests.test_bom_cabecera.TestListBOMCabeceras" name="test_list_bom_requires_modelo_id" time="0.059" /><testcase classname="backend.tests.test_bom_cabecera.TestListBOMCabeceras" name="test_list_bom_with_estado_filter" time="0.498" /><testcase classname="backend.tests.test_bom_cabecera.TestCreateBOMCabecera" name="test_create_bom_cabecera_success" time="1.250" /><testcase classname="backend.tests.test_bom_cabecera.TestCreateBOMCabecera" name="test_create_bom_for_invalid_modelo_returns_404" time="0.338" /><testcase classname="backend.tests.test_bom_cabecera.TestGetBOMDetalle" name="test_get_bom_detalle_success" time="0.484" /><testcase classname="backend.tests.test_bom_cabecera.TestGetBOMDetalle" name="test_get_bom_detalle_invalid_returns_404" time="0.335" /><testcase classname="backend.tests.test_bom_cabecera.TestUpdateBOMEstado" name="test_update_bom_estado_borrador_to_aprobado" time="1.404" /><testcase classname="backend.tests.test_bom_cabecera.TestUpdateBOMEstado" name="test_update_bom_estado_aprobado_to_inactivo" time="2.025" /><testcase classname="backend.tests.test_bom_cabecera.TestUpdateBOMEstado" name="test_update_bom_invalid_estado_fails" time="0.337" /><testcase classname="backend.tests.test_bom_cabecera.TestBOMLineas" name="test_add_linea_tipo_tela" time="1.974" /><testcase classname="backend.tests.test_bom_cabecera.TestBOMLineas" name="test_add_linea_tipo_avio" time="0.764" /><testcase classname="backend.tests.test_bom_cabecera.TestBOMLineas" name="test_add_linea_validates_cantidad_base" time="0.048" /><testcase classname="backend.tests.test_bom_cabecera.TestBOMLineas" name="test_add_linea_validates_merma_pct" time="0.049" /><testcase classname="backend.tests.test_bom_cabecera.TestBOMLineas" name="test_add_linea_validates_tipo_componente" time="0.058" /><testcase classname="backend.tests.test_bom_cabecera.TestBOMLineas" name="test_update_linea_success" time="0.768" /><testcase classname="backend.tests.test_bom_cabecera.TestBOMLineas" name="test_delete_linea_success" time="0.625"><skipped type="pytest.skip" message="Could not create linea for delete test">/app/backend/tests/test_bom_cabecera.py:389: Could not create linea for delete test</skipped></testcase><testcase classname="backend.tests.test_bom_cabecera.TestCostoEstandar" name="test_costo_estandar_success" time="0.628" /><testcase classname="backend.tests.test_bom_cabecera.TestCostoEstandar" name="test_costo_estandar_detalle_structure" time="0.478" /><testcase classname="backend.tests.test_bom_cabecera.TestCostoEstandar" name="test_costo_estandar_calculation" time="0.479" /><testcase classname="backend.tests.test_bom_cabecera.TestCostoEstandar" name="test_costo_estandar_excludes_optional" time="0.478" /><testcase classname="backend.tests.test_bom_cabecera.TestDuplicarBOM" name="test_duplicar_bom_success" time="3.653" /><testcase classname="backend.tests.test_bom_cabecera.TestDuplicarBOM" name="test_duplicar_invalid_bom_returns_404" time="0.334" /><testcase classname="backend.tests.test_bom_cabecera.TestCantidadTotalCalculation" name="test_cantidad_total_with_merma" time="2.510" /><testcase classname="backend.tests.test_bom_cabecera.TestReportsNonRegression" name="test_wip_report_still_works" time="0.917" /><testcase classname="backend.tests.test_bom_cabecera.TestReportsNonRegression" name="test_mp_valorizado_still_works" time="0.774" /><testcase classname="backend.tests.test_bom_cabecera.TestReportsNonRegression" name="test_pt_valorizado_still_works" time="0.778" /><testcase classname="backend.tests.test_bom_cabecera.TestReportsNonRegression" name="test_resumen_general_still_works" time="1.623" /><testcase classname="backend.tests.test_bom_cabecera.TestEtapasEndpoint" name="test_get_etapas" time="12.126" /></testsuite></testsuites>