<?xml version="1.0" encoding="utf-8"?><testsuites name="pytest tests"><testsuite name="pytest" errors="0" failures="0" skipped="0" tests="20" time="22.759" timestamp="2026-03-15T07:26:40.401064+00:00" hostname="agent-env-ab50ce09-1c11-4d4c-8d8c-868caddebf36"><testcase classname="backend.tests.test_produccion_textil.TestReporteWIP" name="test_wip_report_returns_ordenes" time="2.958" /><testcase classname="backend.tests.test_produccion_textil.TestReporteWIP" name="test_wip_report_only_shows_active_orders" time="0.631" /><testcase classname="backend.tests.test_produccion_textil.TestReporteMPValorizado" name="test_mp_valorizado_returns_items" time="0.772" /><testcase classname="backend.tests.test_produccion_textil.TestReporteMPValorizado" name="test_mp_valorizado_item_fields" time="0.627" /><testcase classname="backend.tests.test_produccion_textil.TestReportePTValorizado" name="test_pt_valorizado_returns_items" time="0.767" /><testcase classname="backend.tests.test_produccion_textil.TestReportePTValorizado" name="test_pt_valorizado_item_fields" time="0.625" /><testcase classname="backend.tests.test_produccion_textil.TestReporteResumenGeneral" name="test_resumen_general_structure" time="1.634" /><testcase classname="backend.tests.test_produccion_textil.TestReporteOrdenes" name="test_reporte_ordenes_returns_ordenes" time="0.797" /><testcase classname="backend.tests.test_produccion_textil.TestLegacyEndpointRemoved" name="test_wip_legacy_returns_404" time="0.058" /><testcase classname="backend.tests.test_produccion_textil.TestRollosDisponibles" name="test_rollos_disponibles_returns_rollos" time="1.057" /><testcase classname="backend.tests.test_produccion_textil.TestRollosDisponibles" name="test_rollos_disponibles_only_active_with_saldo" time="0.772" /><testcase classname="backend.tests.test_produccion_textil.TestConsumoSimple" name="test_consumo_requires_orden_activa" time="1.828" /><testcase classname="backend.tests.test_produccion_textil.TestConsumoMultiRollo" name="test_multi_rollo_endpoint_exists" time="1.345" /><testcase classname="backend.tests.test_produccion_textil.TestServiciosOrden" name="test_get_servicios_orden" time="0.769" /><testcase classname="backend.tests.test_produccion_textil.TestServiciosOrden" name="test_create_servicio_orden" time="1.502" /><testcase classname="backend.tests.test_produccion_textil.TestCierrePreview" name="test_cierre_preview_active_order" time="2.205" /><testcase classname="backend.tests.test_produccion_textil.TestCierrePreview" name="test_cierre_preview_closed_order_shows_existing" time="1.404" /><testcase classname="backend.tests.test_produccion_textil.TestCierreExecution" name="test_cierre_validates_pt_required" time="0.922" /><testcase classname="backend.tests.test_produccion_textil.TestDataIntegrity" name="test_wip_total_matches_resumen" time="0.629" /><testcase classname="backend.tests.test_produccion_textil.TestDataIntegrity" name="test_mp_valor_total_matches_resumen" time="1.252" /></testsuite></testsuites>