<?xml version="1.0" encoding="utf-8"?><testsuites name="pytest tests"><testsuite name="pytest" errors="0" failures="0" skipped="0" tests="9" time="16.616" timestamp="2026-03-16T21:18:17.829772+00:00" hostname="agent-env-ebb2d71f-0d36-4832-b5fc-62292d72e9d5"><testcase classname="backend.tests.test_bom_refactoring.TestBOMServicioLines" name="test_get_bom_returns_servicio_produccion_id_for_servicio_lines" time="4.657" /><testcase classname="backend.tests.test_bom_refactoring.TestBOMServicioLines" name="test_update_servicio_line_with_servicio_produccion_id" time="2.572" /><testcase classname="backend.tests.test_bom_refactoring.TestCostoEstandarWithServicioTarifa" name="test_costo_estandar_uses_servicio_tarifa_for_servicio_lines" time="0.764" /><testcase classname="backend.tests.test_bom_refactoring.TestEstadosDisponiblesFromRuta" name="test_estados_disponibles_returns_ruta_etapas" time="1.040" /><testcase classname="backend.tests.test_bom_refactoring.TestRutasProduccionEtapasWithNombre" name="test_create_ruta_with_nombre_and_servicio_id" time="1.598" /><testcase classname="backend.tests.test_bom_refactoring.TestRutasProduccionEtapasWithNombre" name="test_get_ruta_returns_etapas_with_nombre" time="0.922" /><testcase classname="backend.tests.test_bom_refactoring.TestBOMCostoManualForServicio" name="test_update_costo_manual_on_servicio_line" time="2.262" /><testcase classname="backend.tests.test_bom_refactoring.TestTELAAndAVIOUseInventario" name="test_tela_avio_lines_have_inventario_id" time="0.506" /><testcase classname="backend.tests.test_bom_refactoring.TestInventarioCategoriesBackend" name="test_get_inventario_items" time="2.181" /></testsuite></testsuites>