<?xml version="1.0" encoding="utf-8"?><testsuites name="pytest tests"><testsuite name="pytest" errors="0" failures="0" skipped="0" tests="27" time="68.471" timestamp="2026-03-24T14:03:26.621724+00:00" hostname="agent-env-1e726213-56dd-4c6c-8c0f-b292f1653725"><testcase classname="backend.tests.test_matriz_produccion.TestMatrizAuth" name="test_matriz_requires_auth" time="3.339" /><testcase classname="backend.tests.test_matriz_produccion.TestMatrizBasic" name="test_matriz_returns_200" time="4.527" /><testcase classname="backend.tests.test_matriz_produccion.TestMatrizBasic" name="test_matriz_has_required_fields" time="1.846" /><testcase classname="backend.tests.test_matriz_produccion.TestMatrizBasic" name="test_matriz_columnas_is_list" time="1.803" /><testcase classname="backend.tests.test_matriz_produccion.TestMatrizBasic" name="test_matriz_filas_is_list" time="1.843" /><testcase classname="backend.tests.test_matriz_produccion.TestMatrizBasic" name="test_matriz_total_general_structure" time="1.940" /><testcase classname="backend.tests.test_matriz_produccion.TestMatrizBasic" name="test_matriz_totales_columna_structure" time="1.822" /><testcase classname="backend.tests.test_matriz_produccion.TestMatrizFilaStructure" name="test_matriz_fila_has_required_fields" time="2.741" /><testcase classname="backend.tests.test_matriz_produccion.TestMatrizFilaStructure" name="test_matriz_fila_item_format" time="1.857" /><testcase classname="backend.tests.test_matriz_produccion.TestMatrizFilaStructure" name="test_matriz_fila_celdas_structure" time="1.874" /><testcase classname="backend.tests.test_matriz_produccion.TestMatrizFilaStructure" name="test_matriz_fila_total_structure" time="1.830" /><testcase classname="backend.tests.test_matriz_produccion.TestMatrizDetalleStructure" name="test_matriz_detalle_has_required_fields" time="2.739" /><testcase classname="backend.tests.test_matriz_produccion.TestMatrizDetalleStructure" name="test_matriz_detalle_types" time="1.813" /><testcase classname="backend.tests.test_matriz_produccion.TestMatrizDetalleStructure" name="test_matriz_detalle_enriched_types" time="1.795" /><testcase classname="backend.tests.test_matriz_produccion.TestMatrizDetalleStructure" name="test_matriz_detalle_curva_detalle_structure" time="1.863" /><testcase classname="backend.tests.test_matriz_produccion.TestMatrizFilters" name="test_matriz_filter_by_ruta" time="4.926" /><testcase classname="backend.tests.test_matriz_produccion.TestMatrizFilters" name="test_matriz_filter_by_marca" time="3.869" /><testcase classname="backend.tests.test_matriz_produccion.TestMatrizFilters" name="test_matriz_solo_activos_true" time="1.798" /><testcase classname="backend.tests.test_matriz_produccion.TestMatrizFilters" name="test_matriz_solo_activos_false" time="3.751" /><testcase classname="backend.tests.test_matriz_produccion.TestMatrizFilters" name="test_matriz_solo_atrasados" time="3.792" /><testcase classname="backend.tests.test_matriz_produccion.TestMatrizFilters" name="test_matriz_solo_fraccionados" time="3.791" /><testcase classname="backend.tests.test_matriz_produccion.TestMatrizFiltrosDisponibles" name="test_matriz_filtros_disponibles_has_all_options" time="2.742" /><testcase classname="backend.tests.test_matriz_produccion.TestMatrizFiltrosDisponibles" name="test_matriz_filtros_disponibles_structure" time="1.833" /><testcase classname="backend.tests.test_matriz_produccion.TestMatrizDataConsistency" name="test_matriz_total_general_matches_filas" time="2.726" /><testcase classname="backend.tests.test_matriz_produccion.TestMatrizDataConsistency" name="test_matriz_totales_columna_matches_celdas" time="1.831" /><testcase classname="backend.tests.test_matriz_produccion.TestMatrizDataConsistency" name="test_matriz_fila_total_matches_celdas" time="1.798" /><testcase classname="backend.tests.test_matriz_produccion.TestMatrizDataConsistency" name="test_matriz_detalle_count_matches_total" time="1.837" /></testsuite></testsuites>