<?xml version="1.0" encoding="utf-8"?><testsuites name="pytest tests"><testsuite name="pytest" errors="0" failures="0" skipped="0" tests="25" time="63.636" timestamp="2026-03-24T13:46:31.261331+00:00" hostname="agent-env-1e726213-56dd-4c6c-8c0f-b292f1653725"><testcase classname="backend.tests.test_matriz_produccion.TestMatrizAuth" name="test_matriz_requires_auth" time="2.466" /><testcase classname="backend.tests.test_matriz_produccion.TestMatrizBasic" name="test_matriz_returns_200" time="4.468" /><testcase classname="backend.tests.test_matriz_produccion.TestMatrizBasic" name="test_matriz_has_required_fields" time="1.876" /><testcase classname="backend.tests.test_matriz_produccion.TestMatrizBasic" name="test_matriz_columnas_is_list" time="1.792" /><testcase classname="backend.tests.test_matriz_produccion.TestMatrizBasic" name="test_matriz_filas_is_list" time="1.831" /><testcase classname="backend.tests.test_matriz_produccion.TestMatrizBasic" name="test_matriz_total_general_structure" time="1.911" /><testcase classname="backend.tests.test_matriz_produccion.TestMatrizBasic" name="test_matriz_totales_columna_structure" time="1.811" /><testcase classname="backend.tests.test_matriz_produccion.TestMatrizFilaStructure" name="test_matriz_fila_has_required_fields" time="2.733" /><testcase classname="backend.tests.test_matriz_produccion.TestMatrizFilaStructure" name="test_matriz_fila_item_format" time="1.843" /><testcase classname="backend.tests.test_matriz_produccion.TestMatrizFilaStructure" name="test_matriz_fila_celdas_structure" time="1.812" /><testcase classname="backend.tests.test_matriz_produccion.TestMatrizFilaStructure" name="test_matriz_fila_total_structure" time="1.808" /><testcase classname="backend.tests.test_matriz_produccion.TestMatrizDetalleStructure" name="test_matriz_detalle_has_required_fields" time="2.740" /><testcase classname="backend.tests.test_matriz_produccion.TestMatrizDetalleStructure" name="test_matriz_detalle_types" time="1.822" /><testcase classname="backend.tests.test_matriz_produccion.TestMatrizFilters" name="test_matriz_filter_by_ruta" time="4.924" /><testcase classname="backend.tests.test_matriz_produccion.TestMatrizFilters" name="test_matriz_filter_by_marca" time="3.777" /><testcase classname="backend.tests.test_matriz_produccion.TestMatrizFilters" name="test_matriz_solo_activos_true" time="1.792" /><testcase classname="backend.tests.test_matriz_produccion.TestMatrizFilters" name="test_matriz_solo_activos_false" time="3.806" /><testcase classname="backend.tests.test_matriz_produccion.TestMatrizFilters" name="test_matriz_solo_atrasados" time="3.828" /><testcase classname="backend.tests.test_matriz_produccion.TestMatrizFilters" name="test_matriz_solo_fraccionados" time="3.813" /><testcase classname="backend.tests.test_matriz_produccion.TestMatrizFiltrosDisponibles" name="test_matriz_filtros_disponibles_has_all_options" time="2.688" /><testcase classname="backend.tests.test_matriz_produccion.TestMatrizFiltrosDisponibles" name="test_matriz_filtros_disponibles_structure" time="1.824" /><testcase classname="backend.tests.test_matriz_produccion.TestMatrizDataConsistency" name="test_matriz_total_general_matches_filas" time="2.714" /><testcase classname="backend.tests.test_matriz_produccion.TestMatrizDataConsistency" name="test_matriz_totales_columna_matches_celdas" time="1.802" /><testcase classname="backend.tests.test_matriz_produccion.TestMatrizDataConsistency" name="test_matriz_fila_total_matches_celdas" time="1.817" /><testcase classname="backend.tests.test_matriz_produccion.TestMatrizDataConsistency" name="test_matriz_detalle_count_matches_total" time="1.796" /></testsuite></testsuites>