<?xml version="1.0" encoding="utf-8"?><testsuites name="pytest tests"><testsuite name="pytest" errors="0" failures="0" skipped="0" tests="12" time="31.317" timestamp="2026-04-06T04:39:26.411933+00:00" hostname="agent-env-c5bd4860-e4e7-4a99-9b60-b596d0a09149"><testcase classname="backend.tests.test_trazabilidad_kpis.TestAuth" name="test_login_success" time="9.382" /><testcase classname="backend.tests.test_trazabilidad_kpis.TestRegistrosWithSaludFields" name="test_registros_list_has_salud_fields" time="1.897" /><testcase classname="backend.tests.test_trazabilidad_kpis.TestTrazabilidadKPIs" name="test_trazabilidad_kpis_endpoint_exists" time="4.077" /><testcase classname="backend.tests.test_trazabilidad_kpis.TestTrazabilidadKPIs" name="test_trazabilidad_kpis_structure" time="1.836" /><testcase classname="backend.tests.test_trazabilidad_kpis.TestTrazabilidadKPIs" name="test_trazabilidad_kpis_data_types" time="1.774" /><testcase classname="backend.tests.test_trazabilidad_kpis.TestAlertasProduccion" name="test_alertas_produccion_endpoint" time="0.522" /><testcase classname="backend.tests.test_trazabilidad_kpis.TestAlertasProduccion" name="test_alertas_produccion_structure" time="0.411" /><testcase classname="backend.tests.test_trazabilidad_kpis.TestAlertasProduccion" name="test_alertas_include_servicio_id" time="0.390" /><testcase classname="backend.tests.test_trazabilidad_kpis.TestCSVExports" name="test_export_mermas_csv" time="1.742" /><testcase classname="backend.tests.test_trazabilidad_kpis.TestCSVExports" name="test_export_fallados_csv" time="0.799" /><testcase classname="backend.tests.test_trazabilidad_kpis.TestCSVExports" name="test_export_arreglos_csv" time="0.810" /><testcase classname="backend.tests.test_trazabilidad_kpis.TestDashboard" name="test_dashboard_stats" time="7.563" /></testsuite></testsuites>