<?xml version="1.0" encoding="utf-8"?><testsuites name="pytest tests"><testsuite name="pytest" errors="0" failures="0" skipped="0" tests="22" time="25.553" timestamp="2026-03-24T17:45:09.917970+00:00" hostname="agent-env-c5bd4860-e4e7-4a99-9b60-b596d0a09149"><testcase classname="backend.tests.test_trazabilidad.TestFalladosCRUD" name="test_get_fallados_empty_or_list" time="4.436" /><testcase classname="backend.tests.test_trazabilidad.TestFalladosCRUD" name="test_get_fallados_with_registro_filter" time="0.756" /><testcase classname="backend.tests.test_trazabilidad.TestFalladosCRUD" name="test_create_fallado_success" time="0.759" /><testcase classname="backend.tests.test_trazabilidad.TestFalladosCRUD" name="test_create_fallado_validation_error" time="0.334" /><testcase classname="backend.tests.test_trazabilidad.TestFalladosCRUD" name="test_get_created_fallado" time="0.614" /><testcase classname="backend.tests.test_trazabilidad.TestFalladosCRUD" name="test_update_fallado" time="1.041" /><testcase classname="backend.tests.test_trazabilidad.TestFalladosCRUD" name="test_update_fallado_not_found" time="0.618" /><testcase classname="backend.tests.test_trazabilidad.TestArreglosCRUD" name="test_get_arreglos_empty_or_list" time="0.960" /><testcase classname="backend.tests.test_trazabilidad.TestArreglosCRUD" name="test_get_arreglos_with_registro_filter" time="0.750" /><testcase classname="backend.tests.test_trazabilidad.TestArreglosCRUD" name="test_create_arreglo_success" time="1.459" /><testcase classname="backend.tests.test_trazabilidad.TestArreglosCRUD" name="test_create_arreglo_exceeds_reparables" time="0.756" /><testcase classname="backend.tests.test_trazabilidad.TestArreglosCRUD" name="test_create_arreglo_fallado_not_found" time="0.612" /><testcase classname="backend.tests.test_trazabilidad.TestArreglosCRUD" name="test_cerrar_arreglo_success" time="1.691" /><testcase classname="backend.tests.test_trazabilidad.TestArreglosCRUD" name="test_cerrar_arreglo_validation_error" time="2.402" /><testcase classname="backend.tests.test_trazabilidad.TestArreglosCRUD" name="test_cerrar_arreglo_not_found" time="0.768" /><testcase classname="backend.tests.test_trazabilidad.TestResumenCantidades" name="test_resumen_cantidades_success" time="1.876" /><testcase classname="backend.tests.test_trazabilidad.TestResumenCantidades" name="test_resumen_cantidades_not_found" time="0.612" /><testcase classname="backend.tests.test_trazabilidad.TestTrazabilidadCompleta" name="test_trazabilidad_completa_success" time="2.163" /><testcase classname="backend.tests.test_trazabilidad.TestTrazabilidadCompleta" name="test_trazabilidad_completa_not_found" time="0.620" /><testcase classname="backend.tests.test_trazabilidad.TestCleanup" name="test_delete_arreglo" time="0.615" /><testcase classname="backend.tests.test_trazabilidad.TestCleanup" name="test_delete_fallado" time="1.035" /><testcase classname="backend.tests.test_trazabilidad.TestCleanup" name="test_verify_cleanup" time="0.612" /></testsuite></testsuites>