<?xml version="1.0" encoding="utf-8"?><testsuites name="pytest tests"><testsuite name="pytest" errors="0" failures="0" skipped="0" tests="7" time="23.050" timestamp="2026-03-20T13:26:11.287342+00:00" hostname="agent-env-1629c6a0-8157-46dd-8c70-bfef5ebe30f8"><testcase classname="tests.test_persona_tipo_features.TestPersonasProduccionTipo" name="test_get_personas_returns_tipo_persona" time="6.906" /><testcase classname="tests.test_persona_tipo_features.TestPersonasProduccionTipo" name="test_find_interno_persona" time="1.596" /><testcase classname="tests.test_persona_tipo_features.TestPersonasProduccionTipo" name="test_find_externo_persona" time="1.582" /><testcase classname="tests.test_persona_tipo_features.TestMovimientosProduccionPersonaTipo" name="test_get_movimientos_returns_persona_tipo" time="3.623" /><testcase classname="tests.test_persona_tipo_features.TestMovimientosProduccionPersonaTipo" name="test_get_movimientos_by_registro" time="2.889" /><testcase classname="tests.test_persona_tipo_features.TestUnidadesInternas" name="test_get_unidades_internas" time="0.971" /><testcase classname="tests.test_persona_tipo_features.TestPersonasProduccionUpdate" name="test_create_and_update_persona_tipo" time="5.380" /></testsuite></testsuites>