<?xml version="1.0" encoding="utf-8"?><testsuites name="pytest tests"><testsuite name="pytest" errors="0" failures="0" skipped="0" tests="29" time="76.850" timestamp="2026-03-24T15:24:27.041972+00:00" hostname="agent-env-1e726213-56dd-4c6c-8c0f-b292f1653725"><testcase classname="backend.tests.test_matriz_produccion.TestMatrizAuth" name="test_matriz_requires_auth" time="2.092" /><testcase classname="backend.tests.test_matriz_produccion.TestMatrizBasic" name="test_matriz_returns_200" time="4.423" /><testcase classname="backend.tests.test_matriz_produccion.TestMatrizBasic" name="test_matriz_has_required_fields" time="1.846" /><testcase classname="backend.tests.test_matriz_produccion.TestMatrizBasic" name="test_matriz_columnas_is_list" time="1.787" /><testcase classname="backend.tests.test_matriz_produccion.TestMatrizBasic" name="test_matriz_filas_is_list" time="1.789" /><testcase classname="backend.tests.test_matriz_produccion.TestMatrizBasic" name="test_matriz_total_general_structure" time="1.827" /><testcase classname="backend.tests.test_matriz_produccion.TestMatrizBasic" name="test_matriz_totales_columna_structure" time="1.849" /><testcase classname="backend.tests.test_matriz_produccion.TestMatrizFilaStructure" name="test_matriz_fila_has_required_fields" time="2.799" /><testcase classname="backend.tests.test_matriz_produccion.TestMatrizFilaStructure" name="test_matriz_fila_item_format" time="1.806" /><testcase classname="backend.tests.test_matriz_produccion.TestMatrizFilaStructure" name="test_matriz_fila_celdas_structure" time="1.814" /><testcase classname="backend.tests.test_matriz_produccion.TestMatrizFilaStructure" name="test_matriz_fila_total_structure" time="1.787" /><testcase classname="backend.tests.test_matriz_produccion.TestMatrizDetalleStructure" name="test_matriz_detalle_has_required_fields" time="9.522" /><testcase classname="backend.tests.test_matriz_produccion.TestMatrizDetalleStructure" name="test_matriz_detalle_types" time="1.835" /><testcase classname="backend.tests.test_matriz_produccion.TestMatrizDetalleStructure" name="test_matriz_detalle_enriched_types" time="1.859" /><testcase classname="backend.tests.test_matriz_produccion.TestMatrizDetalleStructure" name="test_matriz_detalle_dias_proceso_from_first_movement" time="1.824" /><testcase classname="backend.tests.test_matriz_produccion.TestMatrizDetalleStructure" name="test_matriz_detalle_dias_proceso_zero_without_movements" time="1.861" /><testcase classname="backend.tests.test_matriz_produccion.TestMatrizDetalleStructure" name="test_matriz_detalle_curva_detalle_structure" time="1.793" /><testcase classname="backend.tests.test_matriz_produccion.TestMatrizFilters" name="test_matriz_filter_by_ruta" time="4.823" /><testcase classname="backend.tests.test_matriz_produccion.TestMatrizFilters" name="test_matriz_filter_by_marca" time="3.779" /><testcase classname="backend.tests.test_matriz_produccion.TestMatrizFilters" name="test_matriz_solo_activos_true" time="1.780" /><testcase classname="backend.tests.test_matriz_produccion.TestMatrizFilters" name="test_matriz_solo_activos_false" time="3.758" /><testcase classname="backend.tests.test_matriz_produccion.TestMatrizFilters" name="test_matriz_solo_atrasados" time="3.733" /><testcase classname="backend.tests.test_matriz_produccion.TestMatrizFilters" name="test_matriz_solo_fraccionados" time="3.781" /><testcase classname="backend.tests.test_matriz_produccion.TestMatrizFiltrosDisponibles" name="test_matriz_filtros_disponibles_has_all_options" time="2.686" /><testcase classname="backend.tests.test_matriz_produccion.TestMatrizFiltrosDisponibles" name="test_matriz_filtros_disponibles_structure" time="1.817" /><testcase classname="backend.tests.test_matriz_produccion.TestMatrizDataConsistency" name="test_matriz_total_general_matches_filas" time="2.687" /><testcase classname="backend.tests.test_matriz_produccion.TestMatrizDataConsistency" name="test_matriz_totales_columna_matches_celdas" time="1.795" /><testcase classname="backend.tests.test_matriz_produccion.TestMatrizDataConsistency" name="test_matriz_fila_total_matches_celdas" time="1.808" /><testcase classname="backend.tests.test_matriz_produccion.TestMatrizDataConsistency" name="test_matriz_detalle_count_matches_total" time="1.794" /></testsuite></testsuites>