<?xml version="1.0" encoding="utf-8"?><testsuites name="pytest tests"><testsuite name="pytest" errors="0" failures="0" skipped="0" tests="18" time="42.477" timestamp="2026-04-06T05:22:43.354823+00:00" hostname="agent-env-c5bd4860-e4e7-4a99-9b60-b596d0a09149"><testcase classname="tests.test_cierre_produccion.TestAuth" name="test_login_success" time="12.001" /><testcase classname="tests.test_cierre_produccion.TestPreviewCierre" name="test_preview_cierre_registro_sin_cierre" time="4.555" /><testcase classname="tests.test_cierre_produccion.TestPreviewCierre" name="test_preview_cierre_registro_ya_cerrado_returns_400" time="0.822" /><testcase classname="tests.test_cierre_produccion.TestPreviewCierre" name="test_preview_cierre_registro_not_found" time="0.695" /><testcase classname="tests.test_cierre_produccion.TestGetCierre" name="test_get_cierre_existente" time="1.701" /><testcase classname="tests.test_cierre_produccion.TestGetCierre" name="test_get_cierre_no_existente" time="0.665" /><testcase classname="tests.test_cierre_produccion.TestValidacionesCierre" name="test_cierre_registro_ya_cerrado_returns_400" time="2.399" /><testcase classname="tests.test_cierre_produccion.TestValidacionesCierre" name="test_cierre_sin_pt_asignado_returns_400" time="3.321" /><testcase classname="tests.test_cierre_produccion.TestReabrirCierre" name="test_reapertura_sin_motivo_returns_400" time="1.266" /><testcase classname="tests.test_cierre_produccion.TestReabrirCierre" name="test_reapertura_motivo_corto_returns_400" time="0.394" /><testcase classname="tests.test_cierre_produccion.TestReabrirCierre" name="test_reapertura_registro_sin_cierre_returns_404" time="1.084" /><testcase classname="tests.test_cierre_produccion.TestBalancePDF" name="test_balance_pdf_registro_cerrado" time="3.203" /><testcase classname="tests.test_cierre_produccion.TestBalancePDF" name="test_balance_pdf_registro_sin_cierre" time="1.508" /><testcase classname="tests.test_cierre_produccion.TestBalancePDF" name="test_balance_pdf_registro_not_found" time="0.669" /><testcase classname="tests.test_cierre_produccion.TestPtItemAssignment" name="test_pt_item_assignment_registro_cerrado_returns_400" time="1.708" /><testcase classname="tests.test_cierre_produccion.TestPtItemAssignment" name="test_pt_item_assignment_invalid_item_returns_404" time="0.941" /><testcase classname="tests.test_cierre_produccion.TestPtItemAssignment" name="test_pt_item_assignment_null_clears_pt" time="3.608" /><testcase classname="tests.test_cierre_produccion.TestDashboardFunctionality" name="test_registros_list" time="1.855" /></testsuite></testsuites>