<?xml version="1.0" encoding="utf-8"?><testsuites name="pytest tests"><testsuite name="pytest" errors="0" failures="0" skipped="0" tests="11" time="36.583" timestamp="2026-03-25T03:07:21.145217+00:00" hostname="agent-env-c5bd4860-e4e7-4a99-9b60-b596d0a09149"><testcase classname="backend.tests.test_guias_remision.TestGuiasRemisionList" name="test_list_guias_returns_array" time="6.505" /><testcase classname="backend.tests.test_guias_remision.TestGuiasRemisionList" name="test_list_guias_has_enriched_fields" time="0.897" /><testcase classname="backend.tests.test_guias_remision.TestGuiasRemisionList" name="test_list_guias_filter_by_registro" time="1.925" /><testcase classname="backend.tests.test_guias_remision.TestGuiasRemisionList" name="test_list_guias_filter_by_persona" time="1.928" /><testcase classname="backend.tests.test_guias_remision.TestGuiasRemisionDetail" name="test_get_guia_detail_success" time="2.200" /><testcase classname="backend.tests.test_guias_remision.TestGuiasRemisionDetail" name="test_get_guia_detail_not_found" time="0.347" /><testcase classname="backend.tests.test_guias_remision.TestGuiasRemisionFromMovimiento" name="test_create_guia_from_movimiento_new" time="10.012" /><testcase classname="backend.tests.test_guias_remision.TestGuiasRemisionFromMovimiento" name="test_create_guia_from_movimiento_updates_existing" time="2.344" /><testcase classname="backend.tests.test_guias_remision.TestGuiasRemisionFromMovimiento" name="test_create_guia_from_movimiento_not_found" time="0.329" /><testcase classname="backend.tests.test_guias_remision.TestGuiasRemisionDelete" name="test_delete_guia_success" time="9.072" /><testcase classname="backend.tests.test_guias_remision.TestGuiasRemisionDateFilters" name="test_date_field_is_fecha_not_fecha_emision" time="0.891" /></testsuite></testsuites>