<?xml version="1.0" encoding="utf-8"?><testsuites name="pytest tests"><testsuite name="pytest" errors="0" failures="0" skipped="0" tests="19" time="17.969" timestamp="2026-04-06T21:05:45.435692+00:00" hostname="agent-env-c5bd4860-e4e7-4a99-9b60-b596d0a09149"><testcase classname="tests.test_performance_optimization.TestRegistrosListOptimization" name="test_registros_list_returns_200" time="1.642" /><testcase classname="tests.test_performance_optimization.TestRegistrosListOptimization" name="test_registros_list_has_joined_fields" time="0.402" /><testcase classname="tests.test_performance_optimization.TestRegistrosListOptimization" name="test_registros_pagination_works" time="0.817" /><testcase classname="tests.test_performance_optimization.TestRegistrosListOptimization" name="test_registros_filter_by_estado" time="0.557" /><testcase classname="tests.test_performance_optimization.TestRegistrosListOptimization" name="test_registros_filter_by_search" time="0.535" /><testcase classname="tests.test_performance_optimization.TestRegistroDetailOptimization" name="test_registro_detail_returns_200" time="0.850" /><testcase classname="tests.test_performance_optimization.TestRegistroDetailOptimization" name="test_registro_detail_has_joined_fields" time="0.538" /><testcase classname="tests.test_performance_optimization.TestRegistroDetailOptimization" name="test_registro_detail_has_tallas" time="0.583" /><testcase classname="tests.test_performance_optimization.TestMaterialesOptimization" name="test_materiales_endpoint_returns_200" time="1.932" /><testcase classname="tests.test_performance_optimization.TestMaterialesOptimization" name="test_materiales_has_consolidated_data" time="1.096" /><testcase classname="tests.test_performance_optimization.TestMovimientosProduccion" name="test_movimientos_by_registro" time="0.821" /><testcase classname="tests.test_performance_optimization.TestMovimientosProduccion" name="test_movimientos_have_service_names" time="0.706" /><testcase classname="tests.test_performance_optimization.TestRegistroCRUD" name="test_update_registro_works" time="3.661" /><testcase classname="tests.test_performance_optimization.TestLazyLoadingEndpoints" name="test_inventario_endpoint" time="0.823" /><testcase classname="tests.test_performance_optimization.TestLazyLoadingEndpoints" name="test_servicios_produccion_endpoint" time="0.537" /><testcase classname="tests.test_performance_optimization.TestLazyLoadingEndpoints" name="test_seguimiento_endpoint" time="0.148" /><testcase classname="tests.test_performance_optimization.TestPerformanceBaseline" name="test_registros_list_response_time" time="0.591" /><testcase classname="tests.test_performance_optimization.TestPerformanceBaseline" name="test_registro_detail_response_time" time="0.544" /><testcase classname="tests.test_performance_optimization.TestPerformanceBaseline" name="test_materiales_response_time" time="1.122" /></testsuite></testsuites>