<?xml version="1.0" encoding="utf-8"?><testsuites name="pytest tests"><testsuite name="pytest" errors="0" failures="0" skipped="0" tests="22" time="1.174" timestamp="2026-01-22T05:23:06.392104+00:00" hostname="agent-env-af27bb01-d8bb-4b5d-b176-28981072d56f"><testcase classname="tests.test_inventario_fifo.TestInventarioItems" name="test_get_inventario_items" time="0.074" /><testcase classname="tests.test_inventario_fifo.TestInventarioItems" name="test_create_inventario_item" time="0.010" /><testcase classname="tests.test_inventario_fifo.TestInventarioItems" name="test_get_single_item" time="0.010" /><testcase classname="tests.test_inventario_fifo.TestInventarioItems" name="test_update_inventario_item" time="0.049" /><testcase classname="tests.test_inventario_fifo.TestInventarioItems" name="test_duplicate_codigo_rejected" time="0.060" /><testcase classname="tests.test_inventario_fifo.TestInventarioIngresos" name="test_get_ingresos" time="0.057" /><testcase classname="tests.test_inventario_fifo.TestInventarioIngresos" name="test_create_ingreso" time="0.047" /><testcase classname="tests.test_inventario_fifo.TestInventarioIngresos" name="test_stock_updated_after_ingreso" time="0.008" /><testcase classname="tests.test_inventario_fifo.TestInventarioIngresos" name="test_ingreso_invalid_item" time="0.007" /><testcase classname="tests.test_inventario_fifo.TestInventarioSalidasFIFO" name="test_get_salidas" time="0.212" /><testcase classname="tests.test_inventario_fifo.TestInventarioSalidasFIFO" name="test_create_salida_fifo" time="0.016" /><testcase classname="tests.test_inventario_fifo.TestInventarioSalidasFIFO" name="test_stock_updated_after_salida" time="0.048" /><testcase classname="tests.test_inventario_fifo.TestInventarioSalidasFIFO" name="test_salida_insufficient_stock" time="0.008" /><testcase classname="tests.test_inventario_fifo.TestInventarioSalidasFIFO" name="test_salida_with_registro_link" time="0.059" /><testcase classname="tests.test_inventario_fifo.TestInventarioAjustes" name="test_get_ajustes" time="0.062" /><testcase classname="tests.test_inventario_fifo.TestInventarioAjustes" name="test_create_ajuste_entrada" time="0.069" /><testcase classname="tests.test_inventario_fifo.TestInventarioAjustes" name="test_create_ajuste_salida" time="0.061" /><testcase classname="tests.test_inventario_fifo.TestInventarioAjustes" name="test_ajuste_salida_insufficient_stock" time="0.008" /><testcase classname="tests.test_inventario_fifo.TestInventarioAjustes" name="test_ajuste_invalid_tipo" time="0.006" /><testcase classname="tests.test_inventario_fifo.TestStatsEndpoint" name="test_stats_include_inventario" time="0.014" /><testcase classname="tests.test_inventario_fifo.TestExistingTestData" name="test_existing_item_tela001" time="0.048" /><testcase classname="tests.test_inventario_fifo.TestCleanup" name="test_cleanup_test_items" time="0.123" /></testsuite></testsuites>