<?xml version="1.0" encoding="utf-8"?><testsuites name="pytest tests"><testsuite name="pytest" errors="0" failures="0" skipped="2" tests="15" time="34.552" timestamp="2026-03-24T03:37:43.013842+00:00" hostname="agent-env-1629c6a0-8157-46dd-8c70-bfef5ebe30f8"><testcase classname="backend.tests.test_division_lote.TestDivisionLote" name="test_01_get_divisiones_endpoint_exists" time="4.543" /><testcase classname="backend.tests.test_division_lote.TestDivisionLote" name="test_02_get_divisiones_shows_hijos" time="1.367" /><testcase classname="backend.tests.test_division_lote.TestDivisionLote" name="test_03_get_registros_list_shows_division_fields" time="1.383" /><testcase classname="backend.tests.test_division_lote.TestDivisionLote" name="test_04_dividir_lote_validation_negative_cantidad" time="1.364" /><testcase classname="backend.tests.test_division_lote.TestDivisionLote" name="test_05_dividir_lote_validation_exceeds_disponible" time="4.088" /><testcase classname="backend.tests.test_division_lote.TestDivisionLote" name="test_06_dividir_lote_validation_empty_tallas" time="1.255" /><testcase classname="backend.tests.test_division_lote.TestDivisionLote" name="test_07_dividir_lote_validation_zero_cantidad" time="2.829" /><testcase classname="backend.tests.test_division_lote.TestDivisionLote" name="test_08_reunificar_non_child_fails" time="1.261" /><testcase classname="backend.tests.test_division_lote.TestDivisionLote" name="test_09_reunificar_not_found" time="1.282" /><testcase classname="backend.tests.test_division_lote.TestDivisionLote" name="test_10_divisiones_not_found" time="1.234" /><testcase classname="backend.tests.test_division_lote.TestDivisionLote" name="test_11_child_registro_shows_padre_info" time="1.378"><skipped type="pytest.skip" message="No hijos found for registro 04">/app/backend/tests/test_division_lote.py:180: No hijos found for registro 04</skipped></testcase><testcase classname="backend.tests.test_division_lote.TestDivisionLote" name="test_12_child_registro_shows_hermanos" time="1.366"><skipped type="pytest.skip" message="Need at least 2 hijos to test hermanos">/app/backend/tests/test_division_lote.py:196: Need at least 2 hijos to test hermanos</skipped></testcase><testcase classname="backend.tests.test_division_lote.TestDivisionLoteIntegration" name="test_13_full_division_workflow" time="8.352" /><testcase classname="backend.tests.test_division_lote.TestReunificarBlocking" name="test_14_reunificar_blocked_with_movimientos" time="1.388" /><testcase classname="backend.tests.test_division_lote.TestReunificarBlocking" name="test_15_reunificar_blocked_with_salidas_inventario" time="1.376" /></testsuite></testsuites>