<?xml version="1.0" encoding="utf-8"?><testsuites name="pytest tests"><testsuite name="pytest" errors="0" failures="2" skipped="0" tests="14" time="31.586" timestamp="2026-01-24T23:46:24.803061+00:00" hostname="agent-env-bb913a0a-22e1-45d4-9083-4ab9f57a29ce"><testcase classname="backend.tests.test_backup_export.TestBackupExport" name="test_backup_info_returns_table_list" time="8.062" /><testcase classname="backend.tests.test_backup_export.TestBackupExport" name="test_backup_info_requires_auth" time="0.862" /><testcase classname="backend.tests.test_backup_export.TestBackupExport" name="test_backup_create_downloads_json" time="8.097" /><testcase classname="backend.tests.test_backup_export.TestBackupExport" name="test_backup_create_requires_admin" time="0.866" /><testcase classname="backend.tests.test_backup_export.TestBackupExport" name="test_export_registros_csv" time="1.544" /><testcase classname="backend.tests.test_backup_export.TestBackupExport" name="test_export_inventario_csv" time="1.545" /><testcase classname="backend.tests.test_backup_export.TestBackupExport" name="test_export_productividad_csv" time="1.537"><failure message="assert 520 == 200&#10; +  where 520 = &lt;Response [520]&gt;.status_code">backend/tests/test_backup_export.py:110: in test_export_productividad_csv
    assert response.status_code == 200
E   assert 520 == 200
E    +  where 520 = &lt;Response [520]&gt;.status_code</failure></testcase><testcase classname="backend.tests.test_backup_export.TestBackupExport" name="test_export_personas_csv" time="1.563" /><testcase classname="backend.tests.test_backup_export.TestBackupExport" name="test_export_modelos_csv" time="1.580"><failure message="assert 520 == 200&#10; +  where 520 = &lt;Response [520]&gt;.status_code">backend/tests/test_backup_export.py:132: in test_export_modelos_csv
    assert response.status_code == 200
E   assert 520 == 200
E    +  where 520 = &lt;Response [520]&gt;.status_code</failure></testcase><testcase classname="backend.tests.test_backup_export.TestBackupExport" name="test_export_invalid_table_returns_400" time="1.125" /><testcase classname="backend.tests.test_backup_export.TestBackupExport" name="test_export_requires_auth" time="0.867" /><testcase classname="backend.tests.test_backup_export.TestPermissionsHook" name="test_permisos_estructura_returns_categories" time="0.854" /><testcase classname="backend.tests.test_backup_export.TestActivityHistory" name="test_actividad_returns_history" time="1.809" /><testcase classname="backend.tests.test_backup_export.TestActivityHistory" name="test_actividad_tipos_returns_action_types" time="1.129" /></testsuite></testsuites>