<?xml version="1.0" encoding="utf-8"?><testsuites name="pytest tests"><testsuite name="pytest" errors="0" failures="3" skipped="0" tests="11" time="25.429" timestamp="2026-03-26T17:47:11.709995+00:00" hostname="agent-env-c5bd4860-e4e7-4a99-9b60-b596d0a09149"><testcase classname="backend.tests.test_alertas_stock.TestAlertasStockEndpoint" name="test_alertas_stock_basic" time="6.319" /><testcase classname="backend.tests.test_alertas_stock.TestAlertasStockEndpoint" name="test_alertas_stock_modo_fisico" time="0.393" /><testcase classname="backend.tests.test_alertas_stock.TestAlertasStockEndpoint" name="test_alertas_stock_modo_disponible" time="0.404" /><testcase classname="backend.tests.test_alertas_stock.TestAlertasStockEndpoint" name="test_alertas_stock_incluir_ignorados" time="0.778"><failure message="assert 503 == 200&#10; +  where 503 = &lt;Response [503]&gt;.status_code">backend/tests/test_alertas_stock.py:107: in test_alertas_stock_incluir_ignorados
    assert response_with.status_code == 200
E   assert 503 == 200
E    +  where 503 = &lt;Response [503]&gt;.status_code</failure></testcase><testcase classname="backend.tests.test_alertas_stock.TestIgnorarAlertaEndpoint" name="test_toggle_ignorar_alerta" time="2.421"><failure message="AssertionError: Expected 200, got 503: {&quot;detail&quot;:&quot;Conexión con la base de datos perdida. Intente de nuevo.&quot;}&#10;assert 503 == 200&#10; +  where 503 = &lt;Response [503]&gt;.status_code">backend/tests/test_alertas_stock.py:135: in test_toggle_ignorar_alerta
    assert toggle_response.status_code == 200, f"Expected 200, got {toggle_response.status_code}: {toggle_response.text}"
E   AssertionError: Expected 200, got 503: {"detail":"Conexión con la base de datos perdida. Intente de nuevo."}
E   assert 503 == 200
E    +  where 503 = &lt;Response [503]&gt;.status_code</failure></testcase><testcase classname="backend.tests.test_alertas_stock.TestIgnorarAlertaEndpoint" name="test_toggle_ignorar_nonexistent_item" time="1.712" /><testcase classname="backend.tests.test_alertas_stock.TestStatsAlertasStock" name="test_stats_includes_alertas_stock" time="3.389"><failure message="AssertionError: Expected 200, got 503: {&quot;detail&quot;:&quot;Conexión con la base de datos perdida. Intente de nuevo.&quot;}&#10;assert 503 == 200&#10; +  where 503 = &lt;Response [503]&gt;.status_code">backend/tests/test_alertas_stock.py:164: in test_stats_includes_alertas_stock
    assert response.status_code == 200, f"Expected 200, got {response.status_code}: {response.text}"
E   AssertionError: Expected 200, got 503: {"detail":"Conexión con la base de datos perdida. Intente de nuevo."}
E   assert 503 == 200
E    +  where 503 = &lt;Response [503]&gt;.status_code</failure></testcase><testcase classname="backend.tests.test_alertas_stock.TestStatsAlertasStock" name="test_stats_alertas_match_endpoint" time="8.477" /><testcase classname="backend.tests.test_alertas_stock.TestAlertasStockDataIntegrity" name="test_only_items_with_stock_minimo_configured" time="0.611" /><testcase classname="backend.tests.test_alertas_stock.TestAlertasStockDataIntegrity" name="test_items_actually_have_low_stock" time="0.411" /><testcase classname="backend.tests.test_alertas_stock.TestAlertasStockDataIntegrity" name="test_estado_stock_classification" time="0.406" /></testsuite></testsuites>