<?xml version="1.0" encoding="utf-8"?><testsuites name="pytest tests"><testsuite name="pytest" errors="0" failures="0" skipped="0" tests="21" time="51.055" timestamp="2026-04-07T18:38:08.691926+00:00" hostname="agent-env-c5bd4860-e4e7-4a99-9b60-b596d0a09149"><testcase classname="backend.tests.test_distribucion_pt.TestOdooProductTemplates" name="test_search_products_by_name" time="16.863" /><testcase classname="backend.tests.test_distribucion_pt.TestOdooProductTemplates" name="test_search_products_by_id" time="0.705" /><testcase classname="backend.tests.test_distribucion_pt.TestOdooProductTemplates" name="test_search_products_empty_returns_list" time="0.813" /><testcase classname="backend.tests.test_distribucion_pt.TestOdooStockInventories" name="test_get_stock_inventories_produccion" time="0.843" /><testcase classname="backend.tests.test_distribucion_pt.TestOdooStockInventories" name="test_get_stock_inventories_shows_availability" time="0.667" /><testcase classname="backend.tests.test_distribucion_pt.TestDistribucionPT" name="test_get_distribucion_pt" time="1.383" /><testcase classname="backend.tests.test_distribucion_pt.TestDistribucionPT" name="test_get_distribucion_pt_registro_not_found" time="0.700" /><testcase classname="backend.tests.test_distribucion_pt.TestDistribucionPT" name="test_post_distribucion_pt_cantidad_no_cuadra" time="2.927" /><testcase classname="backend.tests.test_distribucion_pt.TestDistribucionPT" name="test_post_distribucion_pt_cantidad_cero_o_negativa" time="0.391" /><testcase classname="backend.tests.test_distribucion_pt.TestDistribucionPT" name="test_post_distribucion_pt_producto_inexistente" time="1.915" /><testcase classname="backend.tests.test_distribucion_pt.TestDistribucionPT" name="test_post_distribucion_pt_guarda_correctamente" time="3.926" /><testcase classname="backend.tests.test_distribucion_pt.TestDistribucionPT" name="test_delete_distribucion_pt" time="1.666" /><testcase classname="backend.tests.test_distribucion_pt.TestVinculosOdoo" name="test_get_vinculos_odoo" time="0.840" /><testcase classname="backend.tests.test_distribucion_pt.TestVinculosOdoo" name="test_post_vincular_ajuste_odoo" time="2.219" /><testcase classname="backend.tests.test_distribucion_pt.TestVinculosOdoo" name="test_post_vincular_ajuste_ya_vinculado_mismo_registro" time="0.966" /><testcase classname="backend.tests.test_distribucion_pt.TestVinculosOdoo" name="test_post_vincular_ajuste_inexistente" time="0.828" /><testcase classname="backend.tests.test_distribucion_pt.TestVinculosOdoo" name="test_delete_desvincular_ajuste" time="1.579" /><testcase classname="backend.tests.test_distribucion_pt.TestConciliacionOdoo" name="test_get_conciliacion_odoo" time="3.861" /><testcase classname="backend.tests.test_distribucion_pt.TestConciliacionOdoo" name="test_conciliacion_estado_sin_distribucion" time="1.800" /><testcase classname="backend.tests.test_distribucion_pt.TestUniqueConstraintVinculos" name="test_unique_constraint_different_registros" time="4.703" /><testcase classname="backend.tests.test_distribucion_pt.TestCleanup" name="test_cleanup_distribucion" time="1.361" /></testsuite></testsuites>