<?xml version="1.0" encoding="utf-8"?><testsuites name="pytest tests"><testsuite name="pytest" errors="0" failures="1" skipped="0" tests="15" time="20.766" timestamp="2026-03-29T21:34:45.800115+00:00" hostname="agent-env-c5bd4860-e4e7-4a99-9b60-b596d0a09149"><testcase classname="backend.tests.test_reporte_costura.TestReporteCosturaEndpoint" name="test_get_costura_report_returns_200" time="8.845" /><testcase classname="backend.tests.test_reporte_costura.TestReporteCosturaEndpoint" name="test_costura_report_has_kpis" time="0.698" /><testcase classname="backend.tests.test_reporte_costura.TestReporteCosturaEndpoint" name="test_costura_report_has_items" time="0.685" /><testcase classname="backend.tests.test_reporte_costura.TestReporteCosturaEndpoint" name="test_costura_report_has_filtros" time="0.670" /><testcase classname="backend.tests.test_reporte_costura.TestReporteCosturaEndpoint" name="test_costura_item_structure" time="0.721" /><testcase classname="backend.tests.test_reporte_costura.TestReporteCosturaEndpoint" name="test_costura_filter_by_riesgo" time="1.385" /><testcase classname="backend.tests.test_reporte_costura.TestReporteCosturaEndpoint" name="test_costura_filter_by_con_incidencias" time="0.742" /><testcase classname="backend.tests.test_reporte_costura.TestReporteCosturaEndpoint" name="test_pendiente_estimado_calculation" time="0.682" /><testcase classname="backend.tests.test_reporte_costura.TestReporteCosturaEndpoint" name="test_risk_calculation_atencion_with_incidencias" time="0.682" /><testcase classname="backend.tests.test_reporte_costura.TestAvanceRapidoEndpoint" name="test_update_avance_returns_200" time="1.109" /><testcase classname="backend.tests.test_reporte_costura.TestAvanceRapidoEndpoint" name="test_update_avance_persists" time="1.538" /><testcase classname="backend.tests.test_reporte_costura.TestAvanceRapidoEndpoint" name="test_update_avance_invalid_movimiento" time="0.685" /><testcase classname="backend.tests.test_reporte_costura.TestAvanceRapidoEndpoint" name="test_update_avance_restores_original" time="0.830" /><testcase classname="backend.tests.test_reporte_costura.TestCosturaReportDataValidation" name="test_pepe_perez_movimiento_exists" time="0.679"><failure message="AssertionError: Expected n_corte=Corte 01, got 01&#10;assert '01' == 'Corte 01'&#10;  &#10;  - Corte 01&#10;  + 01">backend/tests/test_reporte_costura.py:319: in test_pepe_perez_movimiento_exists
    assert item["n_corte"] == "Corte 01", f"Expected n_corte=Corte 01, got {item['n_corte']}"
E   AssertionError: Expected n_corte=Corte 01, got 01
E   assert '01' == 'Corte 01'
E     
E     - Corte 01
E     + 01</failure></testcase><testcase classname="backend.tests.test_reporte_costura.TestCosturaReportDataValidation" name="test_incidencia_abierta_affects_risk" time="0.678" /></testsuite></testsuites>