<?xml version="1.0" encoding="utf-8"?><testsuites name="pytest tests"><testsuite name="pytest" errors="0" failures="0" skipped="0" tests="11" time="27.005" timestamp="2026-03-25T19:38:47.090736+00:00" hostname="agent-env-c5bd4860-e4e7-4a99-9b60-b596d0a09149"><testcase classname="backend.tests.test_movimientos_produccion.TestMovimientosProduccionAPI" name="test_movimientos_pagination_basic" time="5.116" /><testcase classname="backend.tests.test_movimientos_produccion.TestMovimientosProduccionAPI" name="test_movimientos_join_fields" time="1.419" /><testcase classname="backend.tests.test_movimientos_produccion.TestMovimientosProduccionAPI" name="test_movimientos_all_true_returns_array" time="2.452" /><testcase classname="backend.tests.test_movimientos_produccion.TestMovimientosProduccionAPI" name="test_movimientos_filter_by_servicio" time="2.308" /><testcase classname="backend.tests.test_movimientos_produccion.TestMovimientosProduccionAPI" name="test_movimientos_search" time="2.383" /><testcase classname="backend.tests.test_movimientos_produccion.TestMovimientosProduccionAPI" name="test_movimientos_large_dataset_performance" time="1.818" /><testcase classname="backend.tests.test_movimientos_produccion.TestMovimientosProduccionAPI" name="test_movimientos_offset_pagination" time="2.004" /><testcase classname="backend.tests.test_movimientos_produccion.TestModelosAPIStillWorks" name="test_modelos_pagination_still_works" time="2.196" /><testcase classname="backend.tests.test_movimientos_produccion.TestModelosAPIStillWorks" name="test_modelos_all_true_still_works" time="2.567" /><testcase classname="backend.tests.test_movimientos_produccion.TestModelosAPIStillWorks" name="test_modelos_filtros_still_works" time="2.267" /><testcase classname="backend.tests.test_movimientos_produccion.TestRegistroFormMovimientosIntegration" name="test_registro_form_movimientos_load" time="2.362" /></testsuite></testsuites>