<?xml version="1.0" encoding="utf-8"?><testsuites name="pytest tests"><testsuite name="pytest" errors="0" failures="0" skipped="0" tests="13" time="153.927" timestamp="2026-03-19T05:50:28.338225+00:00" hostname="agent-env-b1b451e2-5d02-4dc7-b1d2-916a77b1f331"><testcase classname="backend.tests.test_control_produccion_v2.TestFechaEntregaFinal" name="test_update_fecha_entrega_final" time="12.877" /><testcase classname="backend.tests.test_control_produccion_v2.TestFechaEntregaFinal" name="test_fecha_entrega_final_null" time="8.040" /><testcase classname="backend.tests.test_control_produccion_v2.TestFechaEntregaFinal" name="test_fecha_entrega_final_returned_in_registros" time="14.123" /><testcase classname="backend.tests.test_control_produccion_v2.TestMovimientosProduccion" name="test_create_movimiento_with_new_fields" time="11.481" /><testcase classname="backend.tests.test_control_produccion_v2.TestMovimientosProduccion" name="test_update_movimiento_new_fields" time="11.439" /><testcase classname="backend.tests.test_control_produccion_v2.TestMovimientosProduccion" name="test_get_movimientos_returns_new_fields" time="11.842" /><testcase classname="backend.tests.test_control_produccion_v2.TestIncidenciasWithMovimiento" name="test_create_incidencia_with_movimiento_id" time="9.127" /><testcase classname="backend.tests.test_control_produccion_v2.TestIncidenciasWithMovimiento" name="test_get_incidencias_enriched_movimiento_servicio" time="7.783" /><testcase classname="backend.tests.test_control_produccion_v2.TestParalizacionesWithMovimiento" name="test_create_paralizacion_sets_estado_paralizada" time="16.376" /><testcase classname="backend.tests.test_control_produccion_v2.TestParalizacionesWithMovimiento" name="test_levantar_paralizacion_recalculates_estado" time="15.448" /><testcase classname="backend.tests.test_control_produccion_v2.TestParalizacionesWithMovimiento" name="test_create_paralizacion_with_movimiento_id" time="10.483" /><testcase classname="backend.tests.test_control_produccion_v2.TestEstadoOperativoLogic" name="test_estado_en_riesgo_with_overdue_movimiento" time="17.808" /><testcase classname="backend.tests.test_control_produccion_v2.TestEstadoOperativoLogic" name="test_registros_returns_all_expected_fields" time="6.911" /></testsuite></testsuites>