<?xml version="1.0" encoding="utf-8"?><testsuites name="pytest tests"><testsuite name="pytest" errors="0" failures="0" skipped="0" tests="23" time="48.002" timestamp="2026-04-06T14:56:35.403556+00:00" hostname="agent-env-c5bd4860-e4e7-4a99-9b60-b596d0a09149"><testcase classname="tests.test_transferencias_linea.TestTransferenciasLineaList" name="test_list_transferencias_success" time="12.338" /><testcase classname="tests.test_transferencias_linea.TestTransferenciasLineaList" name="test_list_transferencias_filter_estado_borrador" time="1.123" /><testcase classname="tests.test_transferencias_linea.TestTransferenciasLineaList" name="test_list_transferencias_filter_estado_confirmado" time="0.854" /><testcase classname="tests.test_transferencias_linea.TestTransferenciasLineaList" name="test_list_transferencias_pagination" time="0.809" /><testcase classname="tests.test_transferencias_linea.TestStockPorLinea" name="test_stock_por_linea_success" time="1.529" /><testcase classname="tests.test_transferencias_linea.TestStockPorLinea" name="test_stock_por_linea_item_not_found" time="0.990" /><testcase classname="tests.test_transferencias_linea.TestEstimarCosto" name="test_estimar_costo_success" time="3.045" /><testcase classname="tests.test_transferencias_linea.TestEstimarCosto" name="test_estimar_costo_item_not_found" time="0.667" /><testcase classname="tests.test_transferencias_linea.TestCrearTransferencia" name="test_crear_borrador_success" time="3.314" /><testcase classname="tests.test_transferencias_linea.TestCrearTransferencia" name="test_crear_borrador_linea_igual_error" time="0.557" /><testcase classname="tests.test_transferencias_linea.TestCrearTransferencia" name="test_crear_borrador_item_not_found" time="0.682" /><testcase classname="tests.test_transferencias_linea.TestCrearTransferencia" name="test_crear_borrador_cantidad_cero_error" time="0.984" /><testcase classname="tests.test_transferencias_linea.TestCrearTransferencia" name="test_crear_borrador_stock_insuficiente" time="1.244" /><testcase classname="tests.test_transferencias_linea.TestDetalleTransferencia" name="test_detalle_transferencia_success" time="2.256" /><testcase classname="tests.test_transferencias_linea.TestDetalleTransferencia" name="test_detalle_transferencia_not_found" time="0.718" /><testcase classname="tests.test_transferencias_linea.TestConfirmarTransferencia" name="test_confirmar_transferencia_success" time="6.962" /><testcase classname="tests.test_transferencias_linea.TestConfirmarTransferencia" name="test_confirmar_transferencia_not_found" time="0.675" /><testcase classname="tests.test_transferencias_linea.TestConfirmarTransferencia" name="test_confirmar_transferencia_already_confirmed" time="1.829" /><testcase classname="tests.test_transferencias_linea.TestCancelarTransferencia" name="test_cancelar_borrador_success" time="3.727" /><testcase classname="tests.test_transferencias_linea.TestCancelarTransferencia" name="test_cancelar_transferencia_not_found" time="0.671" /><testcase classname="tests.test_transferencias_linea.TestCancelarTransferencia" name="test_cancelar_transferencia_already_confirmed" time="1.518" /><testcase classname="tests.test_transferencias_linea.TestLineasNegocio" name="test_list_lineas_negocio" time="0.527" /><testcase classname="tests.test_transferencias_linea.TestInventarioItems" name="test_list_inventario_items" time="0.845" /></testsuite></testsuites>