<?xml version="1.0" encoding="utf-8"?><testsuites name="pytest tests"><testsuite name="pytest" errors="0" failures="0" skipped="0" tests="6" time="20.411" timestamp="2026-03-17T18:57:20.462561+00:00" hostname="agent-env-8c386b9d-adca-4322-93ae-e76084040640"><testcase classname="tests.test_pt_integration.TestPTEndpoints" name="test_get_modelos_returns_pt_fields" time="9.836" /><testcase classname="tests.test_pt_integration.TestPTEndpoints" name="test_get_items_pt_returns_only_pt_type" time="0.585" /><testcase classname="tests.test_pt_integration.TestPTEndpoints" name="test_crear_pt_for_modelo_already_linked" time="0.897" /><testcase classname="tests.test_pt_integration.TestPTEndpoints" name="test_update_modelo_persists_pt_item_id" time="5.022" /><testcase classname="tests.test_pt_integration.TestRegistroPTIntegration" name="test_registro_has_pt_field" time="2.223" /><testcase classname="tests.test_pt_integration.TestRegistroPTIntegration" name="test_inventario_pt_items_have_correct_type" time="1.724" /></testsuite></testsuites>