<?xml version="1.0" encoding="utf-8"?><testsuites name="pytest tests"><testsuite name="pytest" errors="0" failures="0" skipped="0" tests="15" time="22.567" timestamp="2026-03-25T19:14:22.813810+00:00" hostname="agent-env-c5bd4860-e4e7-4a99-9b60-b596d0a09149"><testcase classname="backend.tests.test_pagination_force_state.TestAuth" name="test_login_success" time="4.200" /><testcase classname="backend.tests.test_pagination_force_state.TestModelosPagination" name="test_modelos_pagination_basic" time="1.103" /><testcase classname="backend.tests.test_pagination_force_state.TestModelosPagination" name="test_modelos_pagination_offset" time="1.541" /><testcase classname="backend.tests.test_pagination_force_state.TestModelosPagination" name="test_modelos_all_returns_array" time="1.543" /><testcase classname="backend.tests.test_pagination_force_state.TestModelosPagination" name="test_modelos_search_filter" time="0.951" /><testcase classname="backend.tests.test_pagination_force_state.TestModelosPagination" name="test_modelos_marca_filter" time="2.264" /><testcase classname="backend.tests.test_pagination_force_state.TestModelosFiltros" name="test_modelos_filtros_returns_options" time="0.854" /><testcase classname="backend.tests.test_pagination_force_state.TestRegistrosPagination" name="test_registros_pagination_basic" time="0.843" /><testcase classname="backend.tests.test_pagination_force_state.TestRegistrosPagination" name="test_registros_search_filter" time="1.383" /><testcase classname="backend.tests.test_pagination_force_state.TestRegistrosPagination" name="test_registros_estados_filter" time="0.832" /><testcase classname="backend.tests.test_pagination_force_state.TestRegistrosPagination" name="test_registros_excluir_estados_filter" time="0.612" /><testcase classname="backend.tests.test_pagination_force_state.TestRegistrosPagination" name="test_registros_modelo_id_filter" time="1.404" /><testcase classname="backend.tests.test_pagination_force_state.TestValidarCambioEstado" name="test_validar_cambio_estado_basic" time="3.258" /><testcase classname="backend.tests.test_pagination_force_state.TestValidarCambioEstado" name="test_validar_cambio_estado_with_forzar" time="1.514" /><testcase classname="backend.tests.test_pagination_force_state.TestValidarCambioEstado" name="test_validar_cambio_estado_missing_nuevo_estado" time="0.133" /></testsuite></testsuites>