<?xml version="1.0" encoding="utf-8"?><testsuites name="pytest tests"><testsuite name="pytest" errors="0" failures="0" skipped="0" tests="19" time="13.984" timestamp="2026-01-23T18:37:56.166888+00:00" hostname="agent-env-1793d3c9-8dd2-4d36-af33-4c6da3d78904"><testcase classname="tests.test_drag_drop_reorder.TestReorderEndpoint" name="test_reorder_marcas" time="1.104" /><testcase classname="tests.test_drag_drop_reorder.TestReorderEndpoint" name="test_reorder_tipos" time="0.901" /><testcase classname="tests.test_drag_drop_reorder.TestReorderEndpoint" name="test_reorder_entalles" time="0.624" /><testcase classname="tests.test_drag_drop_reorder.TestReorderEndpoint" name="test_reorder_telas" time="0.621" /><testcase classname="tests.test_drag_drop_reorder.TestReorderEndpoint" name="test_reorder_hilos" time="0.620" /><testcase classname="tests.test_drag_drop_reorder.TestReorderEndpoint" name="test_reorder_tallas_catalogo" time="0.625" /><testcase classname="tests.test_drag_drop_reorder.TestReorderEndpoint" name="test_reorder_colores_generales" time="0.627" /><testcase classname="tests.test_drag_drop_reorder.TestReorderEndpoint" name="test_reorder_colores_catalogo" time="1.110" /><testcase classname="tests.test_drag_drop_reorder.TestReorderEndpoint" name="test_reorder_hilos_especificos" time="0.621" /><testcase classname="tests.test_drag_drop_reorder.TestReorderEndpoint" name="test_reorder_invalid_table_returns_400" time="0.034" /><testcase classname="tests.test_drag_drop_reorder.TestHilosEspecificosCRUD" name="test_list_hilos_especificos" time="0.308" /><testcase classname="tests.test_drag_drop_reorder.TestHilosEspecificosCRUD" name="test_create_hilo_especifico" time="1.176" /><testcase classname="tests.test_drag_drop_reorder.TestHilosEspecificosCRUD" name="test_create_hilo_especifico_auto_orden" time="0.809" /><testcase classname="tests.test_drag_drop_reorder.TestHilosEspecificosCRUD" name="test_update_hilo_especifico" time="1.501" /><testcase classname="tests.test_drag_drop_reorder.TestHilosEspecificosCRUD" name="test_update_nonexistent_hilo_returns_404" time="0.312" /><testcase classname="tests.test_drag_drop_reorder.TestHilosEspecificosCRUD" name="test_delete_hilo_especifico" time="1.083" /><testcase classname="tests.test_drag_drop_reorder.TestMarcasCRUDWithOrden" name="test_marcas_have_orden_field" time="0.352" /><testcase classname="tests.test_drag_drop_reorder.TestMarcasCRUDWithOrden" name="test_create_marca_with_orden" time="1.170" /><testcase classname="tests.test_drag_drop_reorder.TestTiposCRUDWithOrden" name="test_tipos_have_orden_field" time="0.308" /></testsuite></testsuites>