<?xml version="1.0" encoding="utf-8"?><testsuites name="pytest tests"><testsuite name="pytest" errors="0" failures="0" skipped="1" tests="27" time="70.559" timestamp="2026-03-26T05:48:44.433412+00:00" hostname="agent-env-c5bd4860-e4e7-4a99-9b60-b596d0a09149"><testcase classname="backend.tests.test_comprehensive_general.TestAuthentication" name="test_login_success" time="5.967" /><testcase classname="backend.tests.test_comprehensive_general.TestAuthentication" name="test_login_invalid_credentials" time="0.402" /><testcase classname="backend.tests.test_comprehensive_general.TestRegistros" name="test_registros_list_paginated" time="2.021" /><testcase classname="backend.tests.test_comprehensive_general.TestRegistros" name="test_registros_estados" time="1.479" /><testcase classname="backend.tests.test_comprehensive_general.TestRegistros" name="test_registros_search" time="1.707" /><testcase classname="backend.tests.test_comprehensive_general.TestRegistros" name="test_registros_filter_by_estado" time="1.758" /><testcase classname="backend.tests.test_comprehensive_general.TestModelos" name="test_modelos_list_paginated" time="1.215" /><testcase classname="backend.tests.test_comprehensive_general.TestModelos" name="test_modelos_all_true" time="1.259" /><testcase classname="backend.tests.test_comprehensive_general.TestMovimientosProduccion" name="test_movimientos_list_paginated" time="0.865" /><testcase classname="backend.tests.test_comprehensive_general.TestMovimientosProduccion" name="test_movimientos_search" time="0.899" /><testcase classname="backend.tests.test_comprehensive_general.TestInventario" name="test_inventario_list_paginated" time="0.902" /><testcase classname="backend.tests.test_comprehensive_general.TestInventario" name="test_inventario_search" time="0.824" /><testcase classname="backend.tests.test_comprehensive_general.TestInventario" name="test_inventario_filter_categoria" time="0.827" /><testcase classname="backend.tests.test_comprehensive_general.TestMotivosIncidencia" name="test_motivos_list" time="1.412" /><testcase classname="backend.tests.test_comprehensive_general.TestMotivosIncidencia" name="test_motivos_create" time="2.591" /><testcase classname="backend.tests.test_comprehensive_general.TestMaestros" name="test_servicios_produccion" time="0.522" /><testcase classname="backend.tests.test_comprehensive_general.TestMaestros" name="test_personas_produccion" time="11.962" /><testcase classname="backend.tests.test_comprehensive_general.TestMaestros" name="test_marcas" time="0.594" /><testcase classname="backend.tests.test_comprehensive_general.TestMaestros" name="test_tipos" time="0.543" /><testcase classname="backend.tests.test_comprehensive_general.TestMaestros" name="test_entalles" time="0.518" /><testcase classname="backend.tests.test_comprehensive_general.TestMaestros" name="test_telas" time="0.530" /><testcase classname="backend.tests.test_comprehensive_general.TestMaestros" name="test_hilos" time="0.532" /><testcase classname="backend.tests.test_comprehensive_general.TestMaestros" name="test_tallas_catalogo" time="0.523" /><testcase classname="backend.tests.test_comprehensive_general.TestMaestros" name="test_colores_catalogo" time="18.601" /><testcase classname="backend.tests.test_comprehensive_general.TestRegistroValidation" name="test_validar_cambio_estado" time="2.968" /><testcase classname="backend.tests.test_comprehensive_general.TestRegistroValidation" name="test_skip_validacion_toggle" time="1.165"><skipped type="pytest.skip" message="No registro available for testing">/app/backend/tests/test_comprehensive_general.py:418: No registro available for testing</skipped></testcase><testcase classname="backend.tests.test_comprehensive_general.TestDashboard" name="test_dashboard_stats" time="7.832" /></testsuite></testsuites>