<?xml version="1.0" encoding="utf-8"?><testsuites name="pytest tests"><testsuite name="pytest" errors="0" failures="0" skipped="0" tests="17" time="19.355" timestamp="2026-04-08T05:40:35.119764+00:00" hostname="agent-env-c5bd4860-e4e7-4a99-9b60-b596d0a09149"><testcase classname="backend.tests.test_kardex_pt.TestKardexPTFiltros" name="test_filtros_returns_company_keys" time="1.743" /><testcase classname="backend.tests.test_kardex_pt.TestKardexPTFiltros" name="test_filtros_returns_ubicaciones" time="0.814" /><testcase classname="backend.tests.test_kardex_pt.TestKardexPTFiltros" name="test_filtros_returns_tipos_movimiento" time="0.807" /><testcase classname="backend.tests.test_kardex_pt.TestKardexPTMain" name="test_kardex_returns_paginated_items" time="0.811" /><testcase classname="backend.tests.test_kardex_pt.TestKardexPTMain" name="test_kardex_excludes_transfers_by_default" time="0.961" /><testcase classname="backend.tests.test_kardex_pt.TestKardexPTMain" name="test_kardex_filter_by_tipo_movimiento_salida_venta" time="0.855" /><testcase classname="backend.tests.test_kardex_pt.TestKardexPTMain" name="test_kardex_filter_by_tipo_movimiento_ingreso_produccion" time="0.815" /><testcase classname="backend.tests.test_kardex_pt.TestKardexPTMain" name="test_kardex_filter_by_company_key" time="1.617" /><testcase classname="backend.tests.test_kardex_pt.TestKardexPTMain" name="test_kardex_filter_by_fecha_range" time="0.827" /><testcase classname="backend.tests.test_kardex_pt.TestKardexPTMain" name="test_kardex_pagination_works" time="1.625" /><testcase classname="backend.tests.test_kardex_pt.TestKardexPTMain" name="test_kardex_filter_by_location_includes_transfers" time="1.748" /><testcase classname="backend.tests.test_kardex_pt.TestKardexPTResumen" name="test_resumen_returns_totales" time="0.678" /><testcase classname="backend.tests.test_kardex_pt.TestKardexPTResumen" name="test_resumen_returns_productos" time="0.801" /><testcase classname="backend.tests.test_kardex_pt.TestKardexPTResumen" name="test_resumen_filter_by_company_key" time="1.497" /><testcase classname="backend.tests.test_kardex_pt.TestKardexPTResumen" name="test_resumen_filter_by_fecha_range" time="0.684" /><testcase classname="backend.tests.test_kardex_pt.TestKardexPTProductFilter" name="test_kardex_filter_by_product_tmpl_id" time="1.532" /><testcase classname="backend.tests.test_kardex_pt.TestKardexPTProductFilter" name="test_kardex_saldo_acumulado_per_product" time="1.479" /></testsuite></testsuites>