<?xml version="1.0" encoding="utf-8"?><testsuites name="pytest tests"><testsuite name="pytest" errors="0" failures="0" skipped="0" tests="15" time="18.713" timestamp="2026-01-23T20:19:04.951987+00:00" hostname="agent-env-bb913a0a-22e1-45d4-9083-4ab9f57a29ce"><testcase classname="backend.tests.test_auth.TestAuthLogin" name="test_login_success" time="0.739" /><testcase classname="backend.tests.test_auth.TestAuthLogin" name="test_login_invalid_username" time="0.316" /><testcase classname="backend.tests.test_auth.TestAuthLogin" name="test_login_invalid_password" time="0.541" /><testcase classname="backend.tests.test_auth.TestAuthLogin" name="test_login_empty_credentials" time="0.315" /><testcase classname="backend.tests.test_auth.TestAuthMe" name="test_get_me_authenticated" time="1.010" /><testcase classname="backend.tests.test_auth.TestAuthMe" name="test_get_me_no_token" time="0.038" /><testcase classname="backend.tests.test_auth.TestAuthMe" name="test_get_me_invalid_token" time="0.058" /><testcase classname="backend.tests.test_auth.TestUsuariosEndpoints" name="test_get_usuarios_as_admin" time="1.275" /><testcase classname="backend.tests.test_auth.TestUsuariosEndpoints" name="test_get_usuarios_without_auth" time="0.043" /><testcase classname="backend.tests.test_auth.TestUsuariosEndpoints" name="test_create_usuario" time="2.855" /><testcase classname="backend.tests.test_auth.TestUsuariosEndpoints" name="test_create_usuario_duplicate_username" time="1.117" /><testcase classname="backend.tests.test_auth.TestUsuariosEndpoints" name="test_update_usuario" time="3.686" /><testcase classname="backend.tests.test_auth.TestUsuariosEndpoints" name="test_delete_usuario" time="2.690" /><testcase classname="backend.tests.test_auth.TestUsuariosEndpoints" name="test_reset_password" time="3.866" /><testcase classname="backend.tests.test_auth.TestPermisosEstructura" name="test_get_estructura_permisos" time="0.034" /></testsuite></testsuites>