<?xml version="1.0" encoding="utf-8"?><testsuites name="pytest tests"><testsuite name="pytest" errors="0" failures="0" skipped="0" tests="25" time="3.425" timestamp="2026-01-22T21:45:20.753435+00:00" hostname="agent-env-f36994de-6fbb-49dd-b01e-ece3e8913d86"><testcase classname="backend.tests.test_rutas_bom.TestRutasProduccion" name="test_get_rutas_produccion" time="0.064" /><testcase classname="backend.tests.test_rutas_bom.TestRutasProduccion" name="test_ruta_estandar_exists" time="0.078" /><testcase classname="backend.tests.test_rutas_bom.TestRutasProduccion" name="test_ruta_etapas_have_servicio_nombre" time="0.042" /><testcase classname="backend.tests.test_rutas_bom.TestRutasProduccion" name="test_get_ruta_by_id" time="0.045" /><testcase classname="backend.tests.test_rutas_bom.TestRutasProduccion" name="test_get_nonexistent_ruta" time="0.043" /><testcase classname="backend.tests.test_rutas_bom.TestRutasProduccion" name="test_create_ruta_produccion" time="0.091" /><testcase classname="backend.tests.test_rutas_bom.TestRutasProduccion" name="test_create_ruta_empty_etapas" time="0.080" /><testcase classname="backend.tests.test_rutas_bom.TestRutasProduccion" name="test_update_ruta_produccion" time="0.120" /><testcase classname="backend.tests.test_rutas_bom.TestRutasProduccion" name="test_delete_ruta_produccion" time="0.120" /><testcase classname="backend.tests.test_rutas_bom.TestRutasProduccion" name="test_delete_ruta_with_modelos_blocked" time="0.043" /><testcase classname="backend.tests.test_rutas_bom.TestRutasProduccion" name="test_delete_nonexistent_ruta" time="0.043" /><testcase classname="backend.tests.test_rutas_bom.TestModelosWithRutaAndBOM" name="test_get_modelos" time="0.039" /><testcase classname="backend.tests.test_rutas_bom.TestModelosWithRutaAndBOM" name="test_modelo_eduard_has_ruta" time="0.043" /><testcase classname="backend.tests.test_rutas_bom.TestModelosWithRutaAndBOM" name="test_modelo_includes_ruta_nombre" time="0.045" /><testcase classname="backend.tests.test_rutas_bom.TestModelosWithRutaAndBOM" name="test_get_modelo_detalle" time="0.047" /><testcase classname="backend.tests.test_rutas_bom.TestModelosWithRutaAndBOM" name="test_modelo_detalle_includes_ruta_etapas" time="0.045" /><testcase classname="backend.tests.test_rutas_bom.TestModelosWithRutaAndBOM" name="test_create_modelo_with_ruta" time="0.313" /><testcase classname="backend.tests.test_rutas_bom.TestModelosWithRutaAndBOM" name="test_create_modelo_with_materiales" time="0.339" /><testcase classname="backend.tests.test_rutas_bom.TestModelosWithRutaAndBOM" name="test_create_modelo_with_servicios" time="0.303" /><testcase classname="backend.tests.test_rutas_bom.TestModelosWithRutaAndBOM" name="test_update_modelo_ruta" time="0.343" /><testcase classname="backend.tests.test_rutas_bom.TestRegistroEstadosDisponibles" name="test_get_estados_globales" time="0.038" /><testcase classname="backend.tests.test_rutas_bom.TestRegistroEstadosDisponibles" name="test_get_estados_disponibles_registro_with_ruta" time="0.132" /><testcase classname="backend.tests.test_rutas_bom.TestRegistroEstadosDisponibles" name="test_get_estados_disponibles_nonexistent_registro" time="0.038" /><testcase classname="backend.tests.test_rutas_bom.TestIntegrationRutasModelos" name="test_full_workflow_ruta_modelo_registro" time="0.450" /><testcase classname="backend.tests.test_rutas_bom.TestIntegrationRutasModelos" name="test_ruta_deletion_blocked_by_modelo" time="0.414" /></testsuite></testsuites>