<?xml version="1.0" encoding="utf-8"?><testsuites name="pytest tests"><testsuite name="pytest" errors="0" failures="0" skipped="0" tests="17" time="98.221" timestamp="2026-04-06T20:25:00.765346+00:00" hostname="agent-env-c5bd4860-e4e7-4a99-9b60-b596d0a09149"><testcase classname="tests.test_auditoria.TestAuditoriaEndpoints" name="test_list_audit_logs" time="15.076" /><testcase classname="tests.test_auditoria.TestAuditoriaEndpoints" name="test_filter_by_usuario" time="1.526" /><testcase classname="tests.test_auditoria.TestAuditoriaEndpoints" name="test_filter_by_modulo" time="1.535" /><testcase classname="tests.test_auditoria.TestAuditoriaEndpoints" name="test_filter_by_accion" time="1.600" /><testcase classname="tests.test_auditoria.TestAuditoriaEndpoints" name="test_filter_by_date_range" time="1.536" /><testcase classname="tests.test_auditoria.TestAuditoriaEndpoints" name="test_pagination" time="2.485" /><testcase classname="tests.test_auditoria.TestAuditoriaEndpoints" name="test_audit_por_registro" time="2.081" /><testcase classname="tests.test_auditoria.TestAuditoriaEndpoints" name="test_access_denied_for_non_admin" time="0.000" /><testcase classname="tests.test_auditoria.TestAuditLogGeneration" name="test_registro_create_generates_audit" time="2.633" /><testcase classname="tests.test_auditoria.TestAuditLogGeneration" name="test_registro_update_generates_audit" time="6.594" /><testcase classname="tests.test_auditoria.TestAuditLogGeneration" name="test_inventario_ingreso_generates_audit" time="7.097" /><testcase classname="tests.test_auditoria.TestAuditLogGeneration" name="test_inventario_salida_generates_audit" time="8.026" /><testcase classname="tests.test_auditoria.TestAuditLogGeneration" name="test_inventario_ajuste_generates_audit" time="5.564" /><testcase classname="tests.test_auditoria.TestTransferenciasAudit" name="test_transferencia_confirm_generates_audit" time="14.384" /><testcase classname="tests.test_auditoria.TestTransferenciasAudit" name="test_transferencia_cancel_generates_audit" time="8.123" /><testcase classname="tests.test_auditoria.TestMovimientosAudit" name="test_movimiento_create_generates_audit" time="13.651" /><testcase classname="tests.test_auditoria.TestMovimientosAudit" name="test_movimiento_delete_generates_audit" time="6.219" /></testsuite></testsuites>