<?xml version="1.0" encoding="utf-8"?><testsuites name="pytest tests"><testsuite name="pytest" errors="0" failures="0" skipped="0" tests="13" time="26.346" timestamp="2026-04-09T02:41:57.299880+00:00" hostname="agent-env-b6719a9e-3aca-4d29-a429-eab54f431354"><testcase classname="tests.test_control_fallados.TestFalladosControlEndpoint" name="test_get_fallados_control_basic" time="17.281" /><testcase classname="tests.test_control_fallados.TestFalladosControlEndpoint" name="test_registro_structure" time="0.737" /><testcase classname="tests.test_control_fallados.TestFalladosControlEndpoint" name="test_filter_by_estado_pendiente" time="0.705" /><testcase classname="tests.test_control_fallados.TestFalladosControlEndpoint" name="test_filter_by_estado_en_proceso" time="0.666" /><testcase classname="tests.test_control_fallados.TestFalladosControlEndpoint" name="test_filter_solo_vencidos" time="0.660" /><testcase classname="tests.test_control_fallados.TestFalladosControlEndpoint" name="test_filter_solo_pendientes" time="0.717" /><testcase classname="tests.test_control_fallados.TestFalladosControlEndpoint" name="test_kpis_calculation" time="0.672" /><testcase classname="tests.test_control_fallados.TestFalladosControlEndpoint" name="test_estado_consolidado_logic" time="0.699" /><testcase classname="tests.test_control_fallados.TestFalladosControlEndpoint" name="test_known_registros_present" time="0.692" /><testcase classname="tests.test_control_fallados.TestFalladosControlEndpoint" name="test_registro_008_data" time="0.676" /><testcase classname="tests.test_control_fallados.TestFalladosControlFilters" name="test_filter_by_fecha_desde" time="0.938" /><testcase classname="tests.test_control_fallados.TestFalladosControlFilters" name="test_filter_by_fecha_hasta" time="0.947" /><testcase classname="tests.test_control_fallados.TestFalladosControlFilters" name="test_combined_filters" time="0.838" /></testsuite></testsuites>