<?xml version="1.0" encoding="utf-8"?><testsuites name="pytest tests"><testsuite name="pytest" errors="0" failures="0" skipped="0" tests="14" time="25.350" timestamp="2026-03-23T20:14:11.030249+00:00" hostname="agent-env-1629c6a0-8157-46dd-8c70-bfef5ebe30f8"><testcase classname="backend.tests.test_estado_movimiento_vinculacion.TestEtapaRutaFields" name="test_get_rutas_produccion" time="4.675" /><testcase classname="backend.tests.test_estado_movimiento_vinculacion.TestEtapaRutaFields" name="test_ruta_etapas_have_obligatorio_field" time="3.181" /><testcase classname="backend.tests.test_estado_movimiento_vinculacion.TestEtapaRutaFields" name="test_ruta_etapas_have_aparece_en_estado_field" time="3.157" /><testcase classname="backend.tests.test_estado_movimiento_vinculacion.TestEtapaRutaFields" name="test_update_ruta_with_obligatorio_aparece_en_estado" time="3.970" /><testcase classname="backend.tests.test_estado_movimiento_vinculacion.TestEstadosDisponibles" name="test_estados_disponibles_returns_etapas_completas" time="0.724" /><testcase classname="backend.tests.test_estado_movimiento_vinculacion.TestEstadosDisponibles" name="test_estados_disponibles_filters_by_aparece_en_estado" time="0.618" /><testcase classname="backend.tests.test_estado_movimiento_vinculacion.TestAnalisisEstado" name="test_analisis_estado_returns_required_fields" time="0.773" /><testcase classname="backend.tests.test_estado_movimiento_vinculacion.TestAnalisisEstado" name="test_analisis_estado_inconsistencias_structure" time="0.766" /><testcase classname="backend.tests.test_estado_movimiento_vinculacion.TestAnalisisEstado" name="test_analisis_estado_movimiento_faltante_structure" time="0.777" /><testcase classname="backend.tests.test_estado_movimiento_vinculacion.TestValidarCambioEstado" name="test_validar_cambio_estado_valid_state" time="1.686" /><testcase classname="backend.tests.test_estado_movimiento_vinculacion.TestValidarCambioEstado" name="test_validar_cambio_estado_blocks_invalid_state" time="1.372" /><testcase classname="backend.tests.test_estado_movimiento_vinculacion.TestValidarCambioEstado" name="test_validar_cambio_estado_returns_sugerencia_movimiento" time="1.393" /><testcase classname="backend.tests.test_estado_movimiento_vinculacion.TestValidarCambioEstado" name="test_validar_cambio_estado_missing_body" time="0.056" /><testcase classname="backend.tests.test_estado_movimiento_vinculacion.TestIntegrationScenarios" name="test_full_flow_get_analysis_and_validate" time="2.149" /></testsuite></testsuites>