<?xml version="1.0" encoding="utf-8"?><testsuites name="pytest tests"><testsuite name="pytest" errors="0" failures="0" skipped="0" tests="16" time="14.749" timestamp="2026-01-23T18:15:46.885868+00:00" hostname="agent-env-1793d3c9-8dd2-4d36-af33-4c6da3d78904"><testcase classname="backend.tests.test_colores_generales.TestColoresGenerales" name="test_01_list_colores_generales" time="0.505" /><testcase classname="backend.tests.test_colores_generales.TestColoresGenerales" name="test_02_create_color_general" time="0.732" /><testcase classname="backend.tests.test_colores_generales.TestColoresGenerales" name="test_03_get_color_general_after_create" time="0.312" /><testcase classname="backend.tests.test_colores_generales.TestColoresGenerales" name="test_04_update_color_general" time="1.007" /><testcase classname="backend.tests.test_colores_generales.TestColoresGenerales" name="test_05_duplicate_name_validation" time="0.634" /><testcase classname="backend.tests.test_colores_generales.TestColoresGenerales" name="test_06_delete_color_general" time="0.723" /><testcase classname="backend.tests.test_colores_generales.TestColoresGenerales" name="test_07_verify_deletion" time="0.308" /><testcase classname="backend.tests.test_colores_generales.TestColoresCatalogo" name="test_01_list_colores_catalogo" time="1.174" /><testcase classname="backend.tests.test_colores_generales.TestColoresCatalogo" name="test_02_create_color_with_color_general" time="0.492" /><testcase classname="backend.tests.test_colores_generales.TestColoresCatalogo" name="test_03_verify_color_general_nombre_in_list" time="0.590" /><testcase classname="backend.tests.test_colores_generales.TestColoresCatalogo" name="test_04_update_color_change_color_general" time="1.521" /><testcase classname="backend.tests.test_colores_generales.TestColoresCatalogo" name="test_05_create_color_without_color_general" time="0.763" /><testcase classname="backend.tests.test_colores_generales.TestColoresCatalogo" name="test_06_delete_color_general_with_colors_blocked" time="2.609" /><testcase classname="backend.tests.test_colores_generales.TestInventarioSalidas" name="test_01_get_inventario_items" time="0.446" /><testcase classname="backend.tests.test_colores_generales.TestInventarioSalidas" name="test_02_get_inventario_rollos" time="1.001" /><testcase classname="backend.tests.test_colores_generales.TestInventarioSalidas" name="test_03_get_inventario_salidas" time="1.821" /></testsuite></testsuites>