<?xml version="1.0" encoding="utf-8"?><testsuites name="pytest tests"><testsuite name="pytest" errors="0" failures="0" skipped="0" tests="20" time="68.133" timestamp="2026-03-19T04:30:11.851431+00:00" hostname="agent-env-b1b451e2-5d02-4dc7-b1d2-916a77b1f331"><testcase classname="tests.test_control_produccion.TestGetRegistrosEnrichedFields" name="test_registros_returns_estado_operativo" time="9.452" /><testcase classname="tests.test_control_produccion.TestControlEndpoint" name="test_update_fecha_entrega" time="6.874" /><testcase classname="tests.test_control_produccion.TestControlEndpoint" name="test_update_responsable" time="6.423" /><testcase classname="tests.test_control_produccion.TestControlEndpoint" name="test_update_control_nonexistent_registro" time="0.454" /><testcase classname="tests.test_control_produccion.TestIncidenciasEndpoints" name="test_get_incidencias_empty" time="0.616" /><testcase classname="tests.test_control_produccion.TestIncidenciasEndpoints" name="test_create_incidencia" time="1.118" /><testcase classname="tests.test_control_produccion.TestIncidenciasEndpoints" name="test_create_incidencia_all_tipos" time="3.170" /><testcase classname="tests.test_control_produccion.TestIncidenciasEndpoints" name="test_resolve_incidencia" time="1.473" /><testcase classname="tests.test_control_produccion.TestIncidenciasEndpoints" name="test_incidencias_count_in_registros" time="5.852" /><testcase classname="tests.test_control_produccion.TestIncidenciasEndpoints" name="test_create_incidencia_nonexistent_registro" time="0.443" /><testcase classname="tests.test_control_produccion.TestParalizacionesEndpoints" name="test_get_paralizaciones" time="0.525" /><testcase classname="tests.test_control_produccion.TestParalizacionesEndpoints" name="test_create_paralizacion_and_verify_estado" time="7.060" /><testcase classname="tests.test_control_produccion.TestParalizacionesEndpoints" name="test_only_one_active_paralizacion" time="0.916" /><testcase classname="tests.test_control_produccion.TestParalizacionesEndpoints" name="test_levantar_paralizacion_and_verify_estado" time="6.890" /><testcase classname="tests.test_control_produccion.TestParalizacionesEndpoints" name="test_levantar_already_lifted" time="0.770" /><testcase classname="tests.test_control_produccion.TestParalizacionesEndpoints" name="test_create_paralizacion_nonexistent_registro" time="0.395" /><testcase classname="tests.test_control_produccion.TestEstadoOperativoLogic" name="test_estado_en_riesgo_when_fecha_expired" time="1.302" /><testcase classname="tests.test_control_produccion.TestEstadoOperativoLogic" name="test_estado_normal_when_fecha_future" time="1.298" /><testcase classname="tests.test_control_produccion.TestEstadoOperativoLogic" name="test_estado_paralizada_overrides_en_riesgo" time="8.478" /><testcase classname="tests.test_control_produccion.TestCleanup" name="test_cleanup_test_data" time="4.399" /></testsuite></testsuites>