<?xml version="1.0" encoding="utf-8"?><testsuites name="pytest tests"><testsuite name="pytest" errors="0" failures="0" skipped="1" tests="13" time="26.308" timestamp="2026-03-27T17:01:54.514544+00:00" hostname="agent-env-c5bd4860-e4e7-4a99-9b60-b596d0a09149"><testcase classname="backend.tests.test_lineas_negocio.TestLineasNegocioEndpoint" name="test_get_lineas_negocio_returns_list" time="2.133" /><testcase classname="backend.tests.test_lineas_negocio.TestLineasNegocioEndpoint" name="test_lineas_negocio_has_expected_fields" time="0.471" /><testcase classname="backend.tests.test_lineas_negocio.TestLineasNegocioEndpoint" name="test_lineas_negocio_contains_known_lines" time="0.392" /><testcase classname="backend.tests.test_lineas_negocio.TestStockPorLineaEndpoint" name="test_get_stock_por_linea_returns_list" time="0.709" /><testcase classname="backend.tests.test_lineas_negocio.TestStockPorLineaEndpoint" name="test_stock_por_linea_has_expected_fields" time="0.438" /><testcase classname="backend.tests.test_lineas_negocio.TestModelosWithLineaNegocio" name="test_get_modelos_includes_linea_negocio" time="2.519" /><testcase classname="backend.tests.test_lineas_negocio.TestModelosWithLineaNegocio" name="test_create_modelo_with_linea_negocio" time="4.446" /><testcase classname="backend.tests.test_lineas_negocio.TestInventarioWithLineaNegocio" name="test_get_inventario_with_linea_filter" time="0.889" /><testcase classname="backend.tests.test_lineas_negocio.TestInventarioWithLineaNegocio" name="test_get_inventario_global_filter" time="0.937" /><testcase classname="backend.tests.test_lineas_negocio.TestInventarioWithLineaNegocio" name="test_create_item_with_linea_negocio" time="3.875" /><testcase classname="backend.tests.test_lineas_negocio.TestInventarioWithLineaNegocio" name="test_update_item_linea_negocio" time="3.525" /><testcase classname="backend.tests.test_lineas_negocio.TestIngresosWithLineaNegocio" name="test_create_ingreso_with_linea_negocio" time="4.792" /><testcase classname="backend.tests.test_lineas_negocio.TestRegistrosWithLineaNegocio" name="test_registro_inherits_linea_from_modelo" time="1.056"><skipped type="pytest.skip" message="No modelo with linea_negocio_id found for testing inheritance">/app/backend/tests/test_lineas_negocio.py:334: No modelo with linea_negocio_id found for testing inheritance</skipped></testcase></testsuite></testsuites>