<?xml version="1.0" encoding="utf-8"?><testsuites name="pytest tests"><testsuite name="pytest" errors="0" failures="0" skipped="0" tests="27" time="2.571" timestamp="2026-01-22T16:02:45.371721+00:00" hostname="agent-env-19d1497d-e2bf-4321-8bf2-3fb15333c09a"><testcase classname="backend.tests.test_produccion_module.TestServiciosProduccion" name="test_get_servicios_produccion" time="0.254" /><testcase classname="backend.tests.test_produccion_module.TestServiciosProduccion" name="test_servicios_sorted_by_secuencia" time="0.041" /><testcase classname="backend.tests.test_produccion_module.TestServiciosProduccion" name="test_create_servicio_produccion" time="0.120" /><testcase classname="backend.tests.test_produccion_module.TestServiciosProduccion" name="test_update_servicio_produccion" time="0.120" /><testcase classname="backend.tests.test_produccion_module.TestServiciosProduccion" name="test_delete_servicio_produccion" time="0.119" /><testcase classname="backend.tests.test_produccion_module.TestServiciosProduccion" name="test_delete_nonexistent_servicio" time="0.038" /><testcase classname="backend.tests.test_produccion_module.TestPersonasProduccion" name="test_get_personas_produccion" time="0.038" /><testcase classname="backend.tests.test_produccion_module.TestPersonasProduccion" name="test_get_personas_with_servicios_nombres" time="0.040" /><testcase classname="backend.tests.test_produccion_module.TestPersonasProduccion" name="test_filter_personas_by_servicio" time="0.042" /><testcase classname="backend.tests.test_produccion_module.TestPersonasProduccion" name="test_filter_personas_by_activo" time="0.043" /><testcase classname="backend.tests.test_produccion_module.TestPersonasProduccion" name="test_create_persona_produccion" time="0.081" /><testcase classname="backend.tests.test_produccion_module.TestPersonasProduccion" name="test_create_persona_multiple_servicios" time="0.086" /><testcase classname="backend.tests.test_produccion_module.TestPersonasProduccion" name="test_update_persona_produccion" time="0.128" /><testcase classname="backend.tests.test_produccion_module.TestPersonasProduccion" name="test_toggle_persona_activo" time="0.119" /><testcase classname="backend.tests.test_produccion_module.TestPersonasProduccion" name="test_delete_persona_produccion" time="0.087" /><testcase classname="backend.tests.test_produccion_module.TestMovimientosProduccion" name="test_get_movimientos_produccion" time="0.038" /><testcase classname="backend.tests.test_produccion_module.TestMovimientosProduccion" name="test_get_movimientos_with_details" time="0.047" /><testcase classname="backend.tests.test_produccion_module.TestMovimientosProduccion" name="test_filter_movimientos_by_registro" time="0.039" /><testcase classname="backend.tests.test_produccion_module.TestMovimientosProduccion" name="test_create_movimiento_produccion" time="0.086" /><testcase classname="backend.tests.test_produccion_module.TestMovimientosProduccion" name="test_create_movimiento_invalid_registro" time="0.038" /><testcase classname="backend.tests.test_produccion_module.TestMovimientosProduccion" name="test_create_movimiento_invalid_servicio" time="0.040" /><testcase classname="backend.tests.test_produccion_module.TestMovimientosProduccion" name="test_create_movimiento_invalid_persona" time="0.046" /><testcase classname="backend.tests.test_produccion_module.TestMovimientosProduccion" name="test_create_movimiento_persona_without_servicio" time="0.117" /><testcase classname="backend.tests.test_produccion_module.TestMovimientosProduccion" name="test_update_movimiento_produccion" time="0.119" /><testcase classname="backend.tests.test_produccion_module.TestMovimientosProduccion" name="test_delete_movimiento_produccion" time="0.085" /><testcase classname="backend.tests.test_produccion_module.TestMovimientosProduccion" name="test_delete_nonexistent_movimiento" time="0.034" /><testcase classname="backend.tests.test_produccion_module.TestIntegration" name="test_full_workflow" time="0.373" /></testsuite></testsuites>